2018-12-26 11:48:10 -  - exec CUpdateClient::GetUpdatesList
2018-12-26 11:48:10 -  - exec CUpdateClient::CollectRequestData
2018-12-26 11:48:10 -  - LICENSE_KEY=X&lang=ru&SUPD_VER=18.1.3&VERSION=18.1.3&TYPENC=F&SUPD_STS=1&SUPD_URS=0&SUPD_DBS=MYSQL&XE=N&CLIENT_SITE=oez-d.ksdev.ru&CHHB=oez-d.ksdev.ru&CSAB=79.143.190.126&SUID=df2485f0460456c574493e35326b704b&CANGZIP=Y&CLIENT_PHPVER=7.1.25&stable=Y&NGINX=Y&rerere=Y&bitm_main=18.1.3&bitm_b24connector=18.0.0&bitm_bitrixcloud=18.5.0&bitm_calendar=18.0.0&bitm_clouds=18.0.0&bitm_compression=16.0.0&bitm_fileman=18.0.4&bitm_form=18.0.0&bitm_forum=18.0.3&bitm_highloadblock=18.5.0&bitm_iblock=18.5.4&bitm_im=18.1.5&bitm_landing=18.4.31&bitm_mobileapp=18.0.2&bitm_perfmon=18.5.0&bitm_photogallery=18.0.0&bitm_rest=18.5.2&bitm_scale=17.5.0&bitm_search=18.5.0&bitm_security=18.5.0&bitm_seo=18.5.0&bitm_socialservices=18.0.3&bitm_subscribe=17.5.0&bitm_translate=16.5.0&bitm_ui=18.0.1&bitm_vote=17.5.1&bitl_de=20140526&bitl_en=&bitl_ru=&SUPD_SRS=RU&SUPD_CMP=N&SALE_15=Y&LICENSE_SIGNED=%7Enew_license18_0_sign-Y
2018-12-26 11:48:10 -  - exec CUpdateClient::GetHTTPPage
2018-12-26 11:48:10 -  - TIME GetUpdatesList(request) 0.222 sec
2018-12-26 11:48:10 -  - exec CUpdateClient::ParseServerData
2019-01-09 17:58:14 -  - exec CUpdateClient::GetUpdatesList
2019-01-09 17:58:14 -  - exec CUpdateClient::CollectRequestData
2019-01-09 17:58:14 -  - LICENSE_KEY=X&lang=ru&SUPD_VER=18.1.3&VERSION=18.1.3&TYPENC=F&SUPD_STS=1&SUPD_URS=0&SUPD_DBS=MYSQL&XE=N&CLIENT_SITE=oez-d.ksdev.ru&CHHB=oez-d.ksdev.ru&CSAB=79.143.190.126&SUID=df2485f0460456c574493e35326b704b&CANGZIP=Y&CLIENT_PHPVER=7.1.25&stable=Y&NGINX=Y&rerere=Y&bitm_main=18.1.3&bitm_b24connector=18.0.0&bitm_bitrixcloud=18.5.0&bitm_calendar=18.0.0&bitm_clouds=18.0.0&bitm_compression=16.0.0&bitm_fileman=18.0.4&bitm_form=18.0.0&bitm_forum=18.0.3&bitm_highloadblock=18.5.0&bitm_iblock=18.5.4&bitm_im=18.1.5&bitm_landing=18.4.31&bitm_mobileapp=18.0.2&bitm_perfmon=18.5.0&bitm_photogallery=18.0.0&bitm_rest=18.5.2&bitm_scale=17.5.0&bitm_search=18.5.0&bitm_security=18.5.0&bitm_seo=18.5.0&bitm_socialservices=18.0.3&bitm_subscribe=17.5.0&bitm_translate=16.5.0&bitm_ui=18.0.1&bitm_vote=17.5.1&bitl_de=20140526&bitl_en=&bitl_ru=&SUPD_SRS=RU&SUPD_CMP=N&SALE_15=Y&LICENSE_SIGNED=%7Enew_license18_0_sign-Y
2019-01-09 17:58:14 -  - exec CUpdateClient::GetHTTPPage
2019-01-09 17:58:14 -  - TIME GetUpdatesList(request) 0.187 sec
2019-01-09 17:58:14 -  - exec CUpdateClient::ParseServerData
2019-01-18 15:58:12 -  - exec CUpdateClient::GetUpdatesList
2019-01-18 15:58:12 -  - exec CUpdateClient::CollectRequestData
2019-01-18 15:58:12 -  - LICENSE_KEY=X&lang=ru&SUPD_VER=18.1.3&VERSION=18.1.3&TYPENC=F&SUPD_STS=1&SUPD_URS=0&SUPD_DBS=MYSQL&XE=N&CLIENT_SITE=oez-d.ksdev.ru&CHHB=oez-d.ksdev.ru&CSAB=79.143.190.126&SUID=df2485f0460456c574493e35326b704b&CANGZIP=Y&CLIENT_PHPVER=7.1.25&stable=Y&NGINX=Y&rerere=Y&bitm_main=18.1.3&bitm_b24connector=18.0.0&bitm_bitrixcloud=18.5.0&bitm_calendar=18.0.0&bitm_clouds=18.0.0&bitm_compression=16.0.0&bitm_fileman=18.0.4&bitm_form=18.0.0&bitm_forum=18.0.3&bitm_highloadblock=18.5.0&bitm_iblock=18.5.4&bitm_im=18.1.5&bitm_landing=18.4.31&bitm_mobileapp=18.0.2&bitm_perfmon=18.5.0&bitm_photogallery=18.0.0&bitm_rest=18.5.2&bitm_scale=17.5.0&bitm_search=18.5.0&bitm_security=18.5.0&bitm_seo=18.5.0&bitm_socialservices=18.0.3&bitm_subscribe=17.5.0&bitm_translate=16.5.0&bitm_ui=18.0.1&bitm_vote=17.5.1&bitl_de=20140526&bitl_en=&bitl_ru=&SUPD_SRS=RU&SUPD_CMP=N&SALE_15=Y&LICENSE_SIGNED=%7Enew_license18_0_sign-Y
2019-01-18 15:58:12 -  - exec CUpdateClient::GetHTTPPage
2019-01-18 15:58:13 -  - TIME GetUpdatesList(request) 0.202 sec
2019-01-18 15:58:13 -  - exec CUpdateClient::ParseServerData
2019-01-25 18:16:03 -  - exec CUpdateClient::GetUpdatesList
2019-01-25 18:16:03 -  - exec CUpdateClient::CollectRequestData
2019-01-25 18:16:03 -  - LICENSE_KEY=X&lang=ru&SUPD_VER=18.1.3&VERSION=18.1.3&TYPENC=F&SUPD_STS=1&SUPD_URS=0&SUPD_DBS=MYSQL&XE=N&CLIENT_SITE=oez-d.ksdev.ru&CHHB=oez-d.ksdev.ru&CSAB=79.143.190.126&SUID=df2485f0460456c574493e35326b704b&CANGZIP=Y&CLIENT_PHPVER=7.1.26&stable=Y&NGINX=Y&rerere=Y&bitm_main=18.1.3&bitm_b24connector=18.0.0&bitm_bitrixcloud=18.5.0&bitm_calendar=18.0.0&bitm_clouds=18.0.0&bitm_compression=16.0.0&bitm_fileman=18.0.4&bitm_form=18.0.0&bitm_forum=18.0.3&bitm_highloadblock=18.5.0&bitm_iblock=18.5.4&bitm_im=18.1.5&bitm_landing=18.4.31&bitm_mobileapp=18.0.2&bitm_perfmon=18.5.0&bitm_photogallery=18.0.0&bitm_rest=18.5.2&bitm_scale=17.5.0&bitm_search=18.5.0&bitm_security=18.5.0&bitm_seo=18.5.0&bitm_socialservices=18.0.3&bitm_subscribe=17.5.0&bitm_translate=16.5.0&bitm_ui=18.0.1&bitm_vote=17.5.1&bitl_de=20140526&bitl_en=&bitl_ru=&SUPD_SRS=RU&SUPD_CMP=N&SALE_15=Y&LICENSE_SIGNED=%7Enew_license18_0_sign-Y
2019-01-25 18:16:03 -  - exec CUpdateClient::GetHTTPPage
2019-01-25 18:16:03 - ERRCONN - Error connecting 2 www.bitrixsoft.com: [0] php_network_getaddresses: getaddrinfo failed: Name or service not known
2019-01-25 18:16:03 -  - TIME GetUpdatesList(request) 0.007 sec
2019-01-25 18:16:03 - GUL02 - Ошибка соединения с сервером обновлений: [0] php_network_getaddresses: getaddrinfo failed: Name or service not known. Нет соединения с сервером обновлений. 
2019-02-13 15:03:03 -  - exec CUpdateClient::GetUpdatesList
2019-02-13 15:03:03 -  - exec CUpdateClient::CollectRequestData
2019-02-13 15:03:03 -  - LICENSE_KEY=X&lang=ru&SUPD_VER=18.1.3&VERSION=18.1.3&TYPENC=F&SUPD_STS=1&SUPD_URS=0&SUPD_DBS=MYSQL&XE=N&CLIENT_SITE=oez-d.ksdev.ru&CHHB=oez-d.ksdev.ru&CSAB=79.143.190.126&SUID=df2485f0460456c574493e35326b704b&CANGZIP=Y&CLIENT_PHPVER=7.1.26&stable=Y&NGINX=Y&rerere=Y&bitm_main=18.1.3&bitm_b24connector=18.0.0&bitm_bitrixcloud=18.5.0&bitm_calendar=18.0.0&bitm_clouds=18.0.0&bitm_compression=16.0.0&bitm_fileman=18.0.4&bitm_form=18.0.0&bitm_forum=18.0.3&bitm_highloadblock=18.5.0&bitm_iblock=18.5.4&bitm_im=18.1.5&bitm_landing=18.4.31&bitm_mobileapp=18.0.2&bitm_perfmon=18.5.0&bitm_photogallery=18.0.0&bitm_rest=18.5.2&bitm_scale=17.5.0&bitm_search=18.5.0&bitm_security=18.5.0&bitm_seo=18.5.0&bitm_socialservices=18.0.3&bitm_subscribe=17.5.0&bitm_translate=16.5.0&bitm_ui=18.0.1&bitm_vote=17.5.1&bitl_de=20140526&bitl_en=&bitl_ru=&SUPD_SRS=RU&SUPD_CMP=N&SALE_15=Y&LICENSE_SIGNED=%7Enew_license18_0_sign-Y
2019-02-13 15:03:03 -  - exec CUpdateClient::GetHTTPPage
2019-02-13 15:03:04 -  - TIME GetUpdatesList(request) 0.474 sec
2019-02-13 15:03:04 -  - exec CUpdateClient::ParseServerData
2019-02-20 17:25:20 -  - exec CUpdateClient::GetUpdatesList
2019-02-20 17:25:20 -  - exec CUpdateClient::CollectRequestData
2019-02-20 17:25:20 -  - LICENSE_KEY=X&lang=ru&SUPD_VER=18.1.3&VERSION=18.1.3&TYPENC=F&SUPD_STS=1&SUPD_URS=0&SUPD_DBS=MYSQL&XE=N&CLIENT_SITE=oez-d.ksdev.ru&CHHB=oez-d.ksdev.ru&CSAB=79.143.190.126&SUID=df2485f0460456c574493e35326b704b&CANGZIP=Y&CLIENT_PHPVER=7.1.26&stable=Y&NGINX=Y&rerere=Y&bitm_main=18.1.3&bitm_b24connector=18.0.0&bitm_bitrixcloud=18.5.0&bitm_calendar=18.0.0&bitm_clouds=18.0.0&bitm_compression=16.0.0&bitm_fileman=18.0.4&bitm_form=18.0.0&bitm_forum=18.0.3&bitm_highloadblock=18.5.0&bitm_iblock=18.5.4&bitm_im=18.1.5&bitm_landing=18.4.31&bitm_mobileapp=18.0.2&bitm_perfmon=18.5.0&bitm_photogallery=18.0.0&bitm_rest=18.5.2&bitm_scale=17.5.0&bitm_search=18.5.0&bitm_security=18.5.0&bitm_seo=18.5.0&bitm_socialservices=18.0.3&bitm_subscribe=17.5.0&bitm_translate=16.5.0&bitm_ui=18.0.1&bitm_vote=17.5.1&bitl_de=20140526&bitl_en=&bitl_ru=&SUPD_SRS=RU&SUPD_CMP=N&SALE_15=Y&LICENSE_SIGNED=%7Enew_license18_0_sign-Y
2019-02-20 17:25:20 -  - exec CUpdateClient::GetHTTPPage
2019-02-20 17:25:21 -  - TIME GetUpdatesList(request) 0.256 sec
2019-02-20 17:25:21 -  - exec CUpdateClient::ParseServerData
2019-02-28 11:58:56 -  - exec CUpdateClient::GetUpdatesList
2019-02-28 11:58:56 -  - exec CUpdateClient::CollectRequestData
2019-02-28 11:58:56 -  - LICENSE_KEY=X&lang=ru&SUPD_VER=18.1.3&VERSION=18.1.3&TYPENC=F&SUPD_STS=3&SUPD_URS=0&SUPD_DBS=MYSQL&XE=N&CLIENT_SITE=oez-d.ksdev.ru&CHHB=oez-d.ksdev.ru&CSAB=79.143.190.126&SUID=df2485f0460456c574493e35326b704b&CANGZIP=Y&CLIENT_PHPVER=7.1.26&stable=Y&NGINX=Y&rerere=Y&bitm_main=18.1.3&bitm_b24connector=18.0.0&bitm_bitrixcloud=18.5.0&bitm_calendar=18.0.0&bitm_clouds=18.0.0&bitm_compression=16.0.0&bitm_fileman=18.0.4&bitm_form=18.0.0&bitm_forum=18.0.3&bitm_highloadblock=18.5.0&bitm_iblock=18.5.4&bitm_im=18.1.5&bitm_landing=18.4.31&bitm_mobileapp=18.0.2&bitm_perfmon=18.5.0&bitm_photogallery=18.0.0&bitm_rest=18.5.2&bitm_scale=17.5.0&bitm_search=18.5.0&bitm_security=18.5.0&bitm_seo=18.5.0&bitm_socialservices=18.0.3&bitm_subscribe=17.5.0&bitm_translate=16.5.0&bitm_ui=18.0.1&bitm_vote=17.5.1&bitl_de=20140526&bitl_en=&bitl_ru=&bitl_ch=&SUPD_SRS=RU&SUPD_CMP=N&SALE_15=Y&LICENSE_SIGNED=%7Enew_license18_0_sign-Y
2019-02-28 11:58:56 -  - exec CUpdateClient::GetHTTPPage
2019-02-28 11:58:57 -  - TIME GetUpdatesList(request) 0.358 sec
2019-02-28 11:58:57 -  - exec CUpdateClient::ParseServerData
2019-03-07 13:02:27 -  - exec CUpdateClient::GetUpdatesList
2019-03-07 13:02:27 -  - exec CUpdateClient::CollectRequestData
2019-03-07 13:02:27 -  - LICENSE_KEY=X&lang=s1&SUPD_VER=18.1.3&VERSION=18.1.3&TYPENC=F&SUPD_STS=3&SUPD_URS=0&SUPD_DBS=MYSQL&XE=N&CLIENT_SITE=oez-d.ksdev.ru&CHHB=oez-d.ksdev.ru&CSAB=79.143.190.126&SUID=df2485f0460456c574493e35326b704b&CANGZIP=Y&CLIENT_PHPVER=7.1.26&stable=Y&NGINX=Y&rerere=Y&bitm_main=18.1.3&bitm_b24connector=18.0.0&bitm_bitrixcloud=18.5.0&bitm_calendar=18.0.0&bitm_clouds=18.0.0&bitm_compression=16.0.0&bitm_fileman=18.0.4&bitm_form=18.0.0&bitm_forum=18.0.3&bitm_highloadblock=18.5.0&bitm_iblock=18.5.4&bitm_im=18.1.5&bitm_landing=18.4.31&bitm_mobileapp=18.0.2&bitm_perfmon=18.5.0&bitm_photogallery=18.0.0&bitm_rest=18.5.2&bitm_scale=17.5.0&bitm_search=18.5.0&bitm_security=18.5.0&bitm_seo=18.5.0&bitm_socialservices=18.0.3&bitm_subscribe=17.5.0&bitm_translate=16.5.0&bitm_ui=18.0.1&bitm_vote=17.5.1&bitl_de=20140526&bitl_en=&bitl_ru=&bitl_ch=&SUPD_SRS=RU&SUPD_CMP=N&SALE_15=Y&LICENSE_SIGNED=%7Enew_license18_0_sign-Y
2019-03-07 13:02:27 -  - exec CUpdateClient::GetHTTPPage
2019-03-07 13:02:28 -  - TIME GetUpdatesList(request) 0.334 sec
2019-03-07 13:02:28 -  - exec CUpdateClient::ParseServerData
2019-03-14 13:08:39 -  - exec CUpdateClient::GetUpdatesList
2019-03-14 13:08:39 -  - exec CUpdateClient::CollectRequestData
2019-03-14 13:08:39 -  - LICENSE_KEY=X&lang=s1&SUPD_VER=18.1.3&VERSION=18.1.3&TYPENC=F&SUPD_STS=3&SUPD_URS=0&SUPD_DBS=MYSQL&XE=N&CLIENT_SITE=oez-d.ksdev.ru&CHHB=oez-d.ksdev.ru&CSAB=79.143.190.126&SUID=df2485f0460456c574493e35326b704b&CANGZIP=Y&CLIENT_PHPVER=7.1.26&stable=Y&NGINX=Y&rerere=Y&bitm_main=18.1.3&bitm_b24connector=18.0.0&bitm_bitrixcloud=18.5.0&bitm_calendar=18.0.0&bitm_clouds=18.0.0&bitm_compression=16.0.0&bitm_fileman=18.0.4&bitm_form=18.0.0&bitm_forum=18.0.3&bitm_highloadblock=18.5.0&bitm_iblock=18.5.4&bitm_im=18.1.5&bitm_landing=18.4.31&bitm_mobileapp=18.0.2&bitm_perfmon=18.5.0&bitm_photogallery=18.0.0&bitm_rest=18.5.2&bitm_scale=17.5.0&bitm_search=18.5.0&bitm_security=18.5.0&bitm_seo=18.5.0&bitm_socialservices=18.0.3&bitm_subscribe=17.5.0&bitm_translate=16.5.0&bitm_ui=18.0.1&bitm_vote=17.5.1&bitl_de=20140526&bitl_en=&bitl_ru=&bitl_ch=&SUPD_SRS=RU&SUPD_CMP=N&SALE_15=Y&LICENSE_SIGNED=%7Enew_license18_0_sign-Y
2019-03-14 13:08:39 -  - exec CUpdateClient::GetHTTPPage
2019-03-14 13:08:40 -  - TIME GetUpdatesList(request) 0.55 sec
2019-03-14 13:08:40 -  - exec CUpdateClient::ParseServerData
2019-03-21 13:25:48 -  - exec CUpdateClient::GetUpdatesList
2019-03-21 13:25:48 -  - exec CUpdateClient::CollectRequestData
2019-03-21 13:25:48 -  - LICENSE_KEY=X&lang=ru&SUPD_VER=18.1.3&VERSION=18.1.3&TYPENC=F&SUPD_STS=3&SUPD_URS=0&SUPD_DBS=MYSQL&XE=N&CLIENT_SITE=oez-d.ksdev.ru&CHHB=oez-d.ksdev.ru&CSAB=79.143.190.126&SUID=df2485f0460456c574493e35326b704b&CANGZIP=Y&CLIENT_PHPVER=7.1.27&stable=Y&NGINX=Y&rerere=Y&bitm_main=18.1.3&bitm_b24connector=18.0.0&bitm_bitrixcloud=18.5.0&bitm_calendar=18.0.0&bitm_clouds=18.0.0&bitm_compression=16.0.0&bitm_fileman=18.0.4&bitm_form=18.0.0&bitm_forum=18.0.3&bitm_highloadblock=18.5.0&bitm_iblock=18.5.4&bitm_im=18.1.5&bitm_landing=18.4.31&bitm_mobileapp=18.0.2&bitm_perfmon=18.5.0&bitm_photogallery=18.0.0&bitm_rest=18.5.2&bitm_scale=17.5.0&bitm_search=18.5.0&bitm_security=18.5.0&bitm_seo=18.5.0&bitm_socialservices=18.0.3&bitm_subscribe=17.5.0&bitm_translate=16.5.0&bitm_ui=18.0.1&bitm_vote=17.5.1&bitl_de=20140526&bitl_en=&bitl_ru=&bitl_ch=&SUPD_SRS=RU&SUPD_CMP=N&SALE_15=Y&LICENSE_SIGNED=%7Enew_license18_0_sign-Y
2019-03-21 13:25:48 -  - exec CUpdateClient::GetHTTPPage
2019-03-21 13:25:48 -  - TIME GetUpdatesList(request) 0.394 sec
2019-03-21 13:25:48 -  - exec CUpdateClient::ParseServerData
2019-03-29 16:30:19 -  - exec CUpdateClient::GetUpdatesList
2019-03-29 16:30:19 -  - exec CUpdateClient::CollectRequestData
2019-03-29 16:30:19 -  - LICENSE_KEY=X&lang=ru&SUPD_VER=18.1.3&VERSION=18.1.3&TYPENC=F&SUPD_STS=3&SUPD_URS=0&SUPD_DBS=MYSQL&XE=N&CLIENT_SITE=oez-d.ksdev.ru&CHHB=oez-d.ksdev.ru&CSAB=79.143.190.126&SUID=df2485f0460456c574493e35326b704b&CANGZIP=Y&CLIENT_PHPVER=7.1.27&stable=Y&NGINX=Y&rerere=Y&bitm_main=18.1.3&bitm_b24connector=18.0.0&bitm_bitrixcloud=18.5.0&bitm_calendar=18.0.0&bitm_clouds=18.0.0&bitm_compression=16.0.0&bitm_fileman=18.0.4&bitm_form=18.0.0&bitm_forum=18.0.3&bitm_highloadblock=18.5.0&bitm_iblock=18.5.4&bitm_im=18.1.5&bitm_landing=18.4.31&bitm_mobileapp=18.0.2&bitm_perfmon=18.5.0&bitm_photogallery=18.0.0&bitm_rest=18.5.2&bitm_scale=17.5.0&bitm_search=18.5.0&bitm_security=18.5.0&bitm_seo=18.5.0&bitm_socialservices=18.0.3&bitm_subscribe=17.5.0&bitm_translate=16.5.0&bitm_ui=18.0.1&bitm_vote=17.5.1&bitl_de=20140526&bitl_en=&bitl_ru=&bitl_ch=&SUPD_SRS=RU&SUPD_CMP=N&SALE_15=Y&LICENSE_SIGNED=%7Enew_license18_0_sign-Y
2019-03-29 16:30:19 -  - exec CUpdateClient::GetHTTPPage
2019-03-29 16:30:20 -  - TIME GetUpdatesList(request) 0.364 sec
2019-03-29 16:30:20 -  - exec CUpdateClient::ParseServerData
2019-04-04 18:07:44 -  - exec CUpdateClient::GetUpdatesList
2019-04-04 18:07:44 -  - exec CUpdateClient::CollectRequestData
2019-04-04 18:07:45 -  - LICENSE_KEY=X&lang=ru&SUPD_VER=18.1.3&VERSION=18.1.3&TYPENC=F&SUPD_STS=3&SUPD_URS=0&SUPD_DBS=MYSQL&XE=N&CLIENT_SITE=oez-d.ksdev.ru&CHHB=oez-d.ksdev.ru&CSAB=79.143.190.126&SUID=df2485f0460456c574493e35326b704b&CANGZIP=Y&CLIENT_PHPVER=7.1.27&stable=Y&NGINX=Y&rerere=Y&bitm_main=18.1.3&bitm_b24connector=18.0.0&bitm_bitrixcloud=18.5.0&bitm_calendar=18.0.0&bitm_clouds=18.0.0&bitm_compression=16.0.0&bitm_fileman=18.0.4&bitm_form=18.0.0&bitm_forum=18.0.3&bitm_highloadblock=18.5.0&bitm_iblock=18.5.4&bitm_im=18.1.5&bitm_landing=18.4.31&bitm_mobileapp=18.0.2&bitm_perfmon=18.5.0&bitm_photogallery=18.0.0&bitm_rest=18.5.2&bitm_scale=17.5.0&bitm_search=18.5.0&bitm_security=18.5.0&bitm_seo=18.5.0&bitm_socialservices=18.0.3&bitm_subscribe=17.5.0&bitm_translate=16.5.0&bitm_ui=18.0.1&bitm_vote=17.5.1&bitl_de=20140526&bitl_en=&bitl_ru=&bitl_ch=&SUPD_SRS=RU&SUPD_CMP=N&SALE_15=Y&LICENSE_SIGNED=%7Enew_license18_0_sign-Y
2019-04-04 18:07:45 -  - exec CUpdateClient::GetHTTPPage
2019-04-04 18:07:45 -  - TIME GetUpdatesList(request) 0.161 sec
2019-04-04 18:07:45 -  - exec CUpdateClient::ParseServerData
2019-04-05 16:44:44 -  - exec CUpdateClient::GetUpdatesList
2019-04-05 16:44:44 -  - exec CUpdateClient::CollectRequestData
2019-04-05 16:44:44 -  - LICENSE_KEY=X&lang=s1&SUPD_VER=18.1.3&VERSION=18.1.3&TYPENC=F&SUPD_STS=3&SUPD_URS=0&SUPD_DBS=MYSQL&XE=N&CLIENT_SITE=oez-d.ksdev.ru&CHHB=oez-d.ksdev.ru&CSAB=79.143.190.126&SUID=df2485f0460456c574493e35326b704b&CANGZIP=Y&CLIENT_PHPVER=7.1.27&stable=Y&NGINX=Y&rerere=Y&bitm_main=18.1.3&bitm_b24connector=18.0.0&bitm_bitrixcloud=18.5.0&bitm_calendar=18.0.0&bitm_clouds=18.0.0&bitm_compression=16.0.0&bitm_fileman=18.0.4&bitm_form=18.0.0&bitm_forum=18.0.3&bitm_highloadblock=18.5.0&bitm_iblock=18.5.4&bitm_im=18.1.5&bitm_landing=18.4.31&bitm_mobileapp=18.0.2&bitm_perfmon=18.5.0&bitm_photogallery=18.0.0&bitm_rest=18.5.2&bitm_scale=17.5.0&bitm_search=18.5.0&bitm_security=18.5.0&bitm_seo=18.5.0&bitm_socialservices=18.0.3&bitm_subscribe=17.5.0&bitm_translate=16.5.0&bitm_ui=18.0.1&bitm_vote=17.5.1&bitl_de=20140526&bitl_en=&bitl_ru=&bitl_ch=&SUPD_SRS=RU&SUPD_CMP=N&SALE_15=Y&LICENSE_SIGNED=%7Enew_license18_0_sign-Y
2019-04-05 16:44:44 -  - exec CUpdateClient::GetHTTPPage
2019-04-05 16:44:44 -  - TIME GetUpdatesList(request) 0.461 sec
2019-04-05 16:44:44 -  - exec CUpdateClient::ParseServerData
2019-04-19 15:37:05 -  - exec CUpdateClient::GetUpdatesList
2019-04-19 15:37:05 -  - exec CUpdateClient::CollectRequestData
2019-04-19 15:37:05 -  - LICENSE_KEY=X&lang=ru&SUPD_VER=18.1.3&VERSION=18.1.3&TYPENC=F&SUPD_STS=3&SUPD_URS=0&SUPD_DBS=MYSQL&XE=N&CLIENT_SITE=oez-d.ksdev.ru&CHHB=oez-d.ksdev.ru&CSAB=79.143.190.126&SUID=df2485f0460456c574493e35326b704b&CANGZIP=Y&CLIENT_PHPVER=7.1.28&stable=Y&NGINX=Y&rerere=Y&bitm_main=18.1.3&bitm_b24connector=18.0.0&bitm_bitrixcloud=18.5.0&bitm_calendar=18.0.0&bitm_clouds=18.0.0&bitm_compression=16.0.0&bitm_fileman=18.0.4&bitm_form=18.0.0&bitm_forum=18.0.3&bitm_highloadblock=18.5.0&bitm_iblock=18.5.4&bitm_im=18.1.5&bitm_landing=18.4.31&bitm_mobileapp=18.0.2&bitm_perfmon=18.5.0&bitm_photogallery=18.0.0&bitm_rest=18.5.2&bitm_scale=17.5.0&bitm_search=18.5.0&bitm_security=18.5.0&bitm_seo=18.5.0&bitm_socialservices=18.0.3&bitm_subscribe=17.5.0&bitm_translate=16.5.0&bitm_ui=18.0.1&bitm_vote=17.5.1&bitl_de=20140526&bitl_en=&bitl_ru=&bitl_ch=&SUPD_SRS=RU&SUPD_CMP=N&SALE_15=Y&LICENSE_SIGNED=%7Enew_license18_0_sign-Y
2019-04-19 15:37:05 -  - exec CUpdateClient::GetHTTPPage
2019-04-19 15:37:05 -  - TIME GetUpdatesList(request) 0.158 sec
2019-04-19 15:37:05 -  - exec CUpdateClient::ParseServerData
2019-04-26 12:59:17 -  - exec CUpdateClient::GetUpdatesList
2019-04-26 12:59:17 -  - exec CUpdateClient::CollectRequestData
2019-04-26 12:59:17 -  - LICENSE_KEY=X&lang=ru&SUPD_VER=18.1.3&VERSION=18.1.3&TYPENC=F&SUPD_STS=3&SUPD_URS=0&SUPD_DBS=MYSQL&XE=N&CLIENT_SITE=www.spbsez.ru&CHHB=www.spbsez.ru&CSAB=127.0.0.1&SUID=df2485f0460456c574493e35326b704b&CANGZIP=Y&CLIENT_PHPVER=7.1.28-1%2Bubuntu16.04.1%2Bdeb.sury.org%2B3&stable=Y&NGINX=Y&rerere=Y&bitm_main=18.1.3&bitm_bitrixcloud=18.5.0&bitm_security=18.5.0&bitm_compression=16.0.0&bitm_rest=18.5.2&bitm_photogallery=18.0.0&bitm_form=18.0.0&bitm_highloadblock=18.5.0&bitm_subscribe=17.5.0&bitm_landing=18.4.31&bitm_ui=18.0.1&bitm_perfmon=18.5.0&bitm_forum=18.0.3&bitm_seo=18.5.0&bitm_im=18.1.5&bitm_b24connector=18.0.0&bitm_calendar=18.0.0&bitm_translate=16.5.0&bitm_clouds=18.0.0&bitm_mobileapp=18.0.2&bitm_fileman=18.0.4&bitm_search=18.5.0&bitm_socialservices=18.0.3&bitm_vote=17.5.1&bitm_iblock=18.5.4&bitm_scale=17.5.0&bitl_en=&bitl_ru=&bitl_de=20140526&bitl_ch=&SUPD_SRS=RU&SUPD_CMP=N&SALE_15=Y&LICENSE_SIGNED=%7Enew_license18_0_sign-Y
2019-04-26 12:59:17 -  - exec CUpdateClient::GetHTTPPage
2019-04-26 12:59:17 -  - TIME GetUpdatesList(request) 0.253 sec
2019-04-26 12:59:17 -  - exec CUpdateClient::ParseServerData
2019-04-26 15:01:26 -  - exec CUpdateClient::GetUpdatesList
2019-04-26 15:01:26 -  - exec CUpdateClient::CollectRequestData
2019-04-26 15:01:26 -  - LICENSE_KEY=X&lang=ru&SUPD_VER=18.1.3&VERSION=18.1.3&TYPENC=F&SUPD_STS=3&SUPD_URS=0&SUPD_DBS=MYSQL&XE=N&CLIENT_SITE=www.spbsez.ru&CHHB=www.spbsez.ru&CSAB=127.0.0.1&SUID=df2485f0460456c574493e35326b704b&CANGZIP=Y&CLIENT_PHPVER=7.1.28-1%2Bubuntu16.04.1%2Bdeb.sury.org%2B3&stable=Y&NGINX=Y&rerere=Y&bitm_main=18.1.3&bitm_bitrixcloud=18.5.0&bitm_security=18.5.0&bitm_compression=16.0.0&bitm_rest=18.5.2&bitm_photogallery=18.0.0&bitm_form=18.0.0&bitm_highloadblock=18.5.0&bitm_subscribe=17.5.0&bitm_landing=18.4.31&bitm_ui=18.0.1&bitm_perfmon=18.5.0&bitm_forum=18.0.3&bitm_seo=18.5.0&bitm_im=18.1.5&bitm_b24connector=18.0.0&bitm_calendar=18.0.0&bitm_translate=16.5.0&bitm_clouds=18.0.0&bitm_mobileapp=18.0.2&bitm_fileman=18.0.4&bitm_search=18.5.0&bitm_socialservices=18.0.3&bitm_vote=17.5.1&bitm_iblock=18.5.4&bitm_scale=17.5.0&bitl_en=&bitl_ru=&bitl_de=20140526&bitl_ch=&SUPD_SRS=RU&SUPD_CMP=N&SALE_15=Y&LICENSE_SIGNED=%7Enew_license18_0_sign-Y
2019-04-26 15:01:26 -  - exec CUpdateClient::GetHTTPPage
2019-04-26 15:01:27 -  - TIME GetUpdatesList(request) 0.226 sec
2019-04-26 15:01:27 -  - exec CUpdateClient::ParseServerData
2019-04-29 09:31:46 -  - exec CUpdateClient::GetUpdatesList
2019-04-29 09:31:46 -  - exec CUpdateClient::CollectRequestData
2019-04-29 09:31:46 -  - LICENSE_KEY=X&lang=ru&SUPD_VER=18.1.3&VERSION=18.1.3&TYPENC=F&SUPD_STS=3&SUPD_URS=0&SUPD_DBS=MYSQL&XE=N&CLIENT_SITE=www.spbsez.ru&CHHB=www.spbsez.ru&CSAB=127.0.0.1&SUID=df2485f0460456c574493e35326b704b&CANGZIP=Y&CLIENT_PHPVER=7.1.28-1%2Bubuntu16.04.1%2Bdeb.sury.org%2B3&stable=Y&NGINX=Y&rerere=Y&bitm_main=18.1.3&bitm_bitrixcloud=18.5.0&bitm_security=18.5.0&bitm_compression=16.0.0&bitm_rest=18.5.2&bitm_photogallery=18.0.0&bitm_form=18.0.0&bitm_highloadblock=18.5.0&bitm_subscribe=17.5.0&bitm_landing=18.4.31&bitm_ui=18.0.1&bitm_perfmon=18.5.0&bitm_forum=18.0.3&bitm_seo=18.5.0&bitm_im=18.1.5&bitm_b24connector=18.0.0&bitm_calendar=18.0.0&bitm_translate=16.5.0&bitm_clouds=18.0.0&bitm_mobileapp=18.0.2&bitm_fileman=18.0.4&bitm_search=18.5.0&bitm_socialservices=18.0.3&bitm_vote=17.5.1&bitm_iblock=18.5.4&bitm_scale=17.5.0&bitl_en=&bitl_ru=&bitl_de=20140526&bitl_ch=&SUPD_SRS=RU&SUPD_CMP=N&SALE_15=Y&LICENSE_SIGNED=%7Enew_license18_0_sign-Y
2019-04-29 09:31:46 -  - exec CUpdateClient::GetHTTPPage
2019-04-29 09:31:46 -  - TIME GetUpdatesList(request) 0.218 sec
2019-04-29 09:31:46 -  - exec CUpdateClient::ParseServerData
2019-05-06 11:28:06 -  - exec CUpdateClient::GetUpdatesList
2019-05-06 11:28:06 -  - exec CUpdateClient::CollectRequestData
2019-05-06 11:28:06 -  - LICENSE_KEY=X&lang=ru&SUPD_VER=18.1.3&VERSION=18.1.3&TYPENC=F&SUPD_STS=3&SUPD_URS=0&SUPD_DBS=MYSQL&XE=N&CLIENT_SITE=www.spbsez.ru&CHHB=www.spbsez.ru&CSAB=127.0.0.1&SUID=df2485f0460456c574493e35326b704b&CANGZIP=Y&CLIENT_PHPVER=7.1.28-1%2Bubuntu16.04.1%2Bdeb.sury.org%2B3&stable=Y&NGINX=Y&rerere=Y&bitm_main=18.1.3&bitm_bitrixcloud=18.5.0&bitm_security=18.5.0&bitm_compression=16.0.0&bitm_rest=18.5.2&bitm_photogallery=18.0.0&bitm_form=18.0.0&bitm_highloadblock=18.5.0&bitm_subscribe=17.5.0&bitm_landing=18.4.31&bitm_ui=18.0.1&bitm_perfmon=18.5.0&bitm_forum=18.0.3&bitm_seo=18.5.0&bitm_im=18.1.5&bitm_b24connector=18.0.0&bitm_calendar=18.0.0&bitm_translate=16.5.0&bitm_clouds=18.0.0&bitm_mobileapp=18.0.2&bitm_fileman=18.0.4&bitm_search=18.5.0&bitm_socialservices=18.0.3&bitm_vote=17.5.1&bitm_iblock=18.5.4&bitm_scale=17.5.0&bitl_en=&bitl_ru=&bitl_de=20140526&bitl_ch=&SUPD_SRS=RU&SUPD_CMP=N&SALE_15=Y&LICENSE_SIGNED=%7Enew_license18_0_sign-Y
2019-05-06 11:28:06 -  - exec CUpdateClient::GetHTTPPage
2019-05-06 11:28:06 -  - TIME GetUpdatesList(request) 0.344 sec
2019-05-06 11:28:06 -  - exec CUpdateClient::ParseServerData
2019-05-06 11:32:12 -  - exec CUpdateClient::GetUpdatesList
2019-05-06 11:32:12 -  - exec CUpdateClient::CollectRequestData
2019-05-06 11:32:12 -  - LICENSE_KEY=X&lang=ru&SUPD_VER=18.1.3&VERSION=18.1.3&TYPENC=F&SUPD_STS=3&SUPD_URS=0&SUPD_DBS=MYSQL&XE=N&CLIENT_SITE=www.spbsez.ru&CHHB=www.spbsez.ru&CSAB=127.0.0.1&SUID=df2485f0460456c574493e35326b704b&CANGZIP=Y&CLIENT_PHPVER=7.1.28-1%2Bubuntu16.04.1%2Bdeb.sury.org%2B3&stable=Y&NGINX=Y&rerere=Y&bitm_main=18.1.3&bitm_bitrixcloud=18.5.0&bitm_security=18.5.0&bitm_compression=16.0.0&bitm_rest=18.5.2&bitm_photogallery=18.0.0&bitm_form=18.0.0&bitm_highloadblock=18.5.0&bitm_subscribe=17.5.0&bitm_landing=18.4.31&bitm_ui=18.0.1&bitm_perfmon=18.5.0&bitm_forum=18.0.3&bitm_seo=18.5.0&bitm_im=18.1.5&bitm_b24connector=18.0.0&bitm_calendar=18.0.0&bitm_translate=16.5.0&bitm_clouds=18.0.0&bitm_mobileapp=18.0.2&bitm_fileman=18.0.4&bitm_search=18.5.0&bitm_socialservices=18.0.3&bitm_vote=17.5.1&bitm_iblock=18.5.4&bitm_scale=17.5.0&bitl_en=&bitl_ru=&bitl_de=20140526&bitl_ch=&SUPD_SRS=RU&SUPD_CMP=N&SALE_15=Y&LICENSE_SIGNED=%7Enew_license18_0_sign-Y
2019-05-06 11:32:12 -  - exec CUpdateClient::GetHTTPPage
2019-05-06 11:32:12 -  - TIME GetUpdatesList(request) 0.259 sec
2019-05-06 11:32:12 -  - exec CUpdateClient::ParseServerData
2019-05-06 11:32:17 -  - exec CUpdateClient::GetUpdatesList
2019-05-06 11:32:17 -  - exec CUpdateClient::CollectRequestData
2019-05-06 11:32:17 -  - LICENSE_KEY=X&lang=ru&SUPD_VER=18.1.3&VERSION=18.1.3&TYPENC=F&SUPD_STS=3&SUPD_URS=0&SUPD_DBS=MYSQL&XE=N&CLIENT_SITE=www.spbsez.ru&CHHB=www.spbsez.ru&CSAB=127.0.0.1&SUID=df2485f0460456c574493e35326b704b&CANGZIP=Y&CLIENT_PHPVER=7.1.28-1%2Bubuntu16.04.1%2Bdeb.sury.org%2B3&stable=Y&NGINX=Y&rerere=Y&bitm_main=18.1.3&bitm_bitrixcloud=18.5.0&bitm_security=18.5.0&bitm_compression=16.0.0&bitm_rest=18.5.2&bitm_photogallery=18.0.0&bitm_form=18.0.0&bitm_highloadblock=18.5.0&bitm_subscribe=17.5.0&bitm_landing=18.4.31&bitm_ui=18.0.1&bitm_perfmon=18.5.0&bitm_forum=18.0.3&bitm_seo=18.5.0&bitm_im=18.1.5&bitm_b24connector=18.0.0&bitm_calendar=18.0.0&bitm_translate=16.5.0&bitm_clouds=18.0.0&bitm_mobileapp=18.0.2&bitm_fileman=18.0.4&bitm_search=18.5.0&bitm_socialservices=18.0.3&bitm_vote=17.5.1&bitm_iblock=18.5.4&bitm_scale=17.5.0&bitl_en=&bitl_ru=&bitl_de=20140526&bitl_ch=&SUPD_SRS=RU&SUPD_CMP=N&SALE_15=Y&LICENSE_SIGNED=%7Enew_license18_0_sign-Y
2019-05-06 11:32:17 -  - exec CUpdateClient::GetHTTPPage
2019-05-06 11:32:17 -  - TIME GetUpdatesList(request) 0.252 sec
2019-05-06 11:32:17 -  - exec CUpdateClient::ParseServerData
2019-05-15 05:52:12 -  - exec CUpdateClient::GetUpdatesList
2019-05-15 05:52:12 -  - exec CUpdateClient::CollectRequestData
2019-05-15 05:52:12 -  - LICENSE_KEY=X&lang=ru&SUPD_VER=18.1.3&VERSION=18.1.3&TYPENC=F&SUPD_STS=3&SUPD_URS=0&SUPD_DBS=MYSQL&XE=N&CLIENT_SITE=www.spbsez.ru&CHHB=www.spbsez.ru&CSAB=127.0.0.1&SUID=df2485f0460456c574493e35326b704b&CANGZIP=Y&CLIENT_PHPVER=7.1.28-1%2Bubuntu16.04.1%2Bdeb.sury.org%2B3&stable=Y&NGINX=Y&rerere=Y&bitm_main=18.1.3&bitm_bitrixcloud=18.5.0&bitm_security=18.5.0&bitm_compression=16.0.0&bitm_rest=18.5.2&bitm_photogallery=18.0.0&bitm_form=18.0.0&bitm_highloadblock=18.5.0&bitm_subscribe=17.5.0&bitm_landing=18.4.31&bitm_ui=18.0.1&bitm_perfmon=18.5.0&bitm_forum=18.0.3&bitm_seo=18.5.0&bitm_im=18.1.5&bitm_b24connector=18.0.0&bitm_calendar=18.0.0&bitm_translate=16.5.0&bitm_clouds=18.0.0&bitm_mobileapp=18.0.2&bitm_fileman=18.0.4&bitm_search=18.5.0&bitm_socialservices=18.0.3&bitm_vote=17.5.1&bitm_iblock=18.5.4&bitm_scale=17.5.0&bitl_en=&bitl_ru=&bitl_de=20140526&bitl_ch=&SUPD_SRS=RU&SUPD_CMP=N&SALE_15=Y&LICENSE_SIGNED=%7Enew_license18_0_sign-Y
2019-05-15 05:52:12 -  - exec CUpdateClient::GetHTTPPage
2019-05-15 05:52:12 -  - TIME GetUpdatesList(request) 0.283 sec
2019-05-15 05:52:12 -  - exec CUpdateClient::ParseServerData
2019-05-24 09:58:31 -  - exec CUpdateClient::GetUpdatesList
2019-05-24 09:58:31 -  - exec CUpdateClient::CollectRequestData
2019-05-24 09:58:31 -  - LICENSE_KEY=X&lang=ru&SUPD_VER=18.1.3&VERSION=18.1.3&TYPENC=F&SUPD_STS=3&SUPD_URS=0&SUPD_DBS=MYSQL&XE=N&CLIENT_SITE=www.spbsez.ru&CHHB=www.spbsez.ru&CSAB=127.0.0.1&SUID=df2485f0460456c574493e35326b704b&CANGZIP=Y&CLIENT_PHPVER=7.1.28-1%2Bubuntu16.04.1%2Bdeb.sury.org%2B3&stable=Y&NGINX=Y&rerere=Y&bitm_main=18.1.3&bitm_bitrixcloud=18.5.0&bitm_security=18.5.0&bitm_compression=16.0.0&bitm_rest=18.5.2&bitm_photogallery=18.0.0&bitm_form=18.0.0&bitm_highloadblock=18.5.0&bitm_subscribe=17.5.0&bitm_landing=18.4.31&bitm_ui=18.0.1&bitm_perfmon=18.5.0&bitm_forum=18.0.3&bitm_seo=18.5.0&bitm_im=18.1.5&bitm_b24connector=18.0.0&bitm_calendar=18.0.0&bitm_translate=16.5.0&bitm_clouds=18.0.0&bitm_mobileapp=18.0.2&bitm_fileman=18.0.4&bitm_search=18.5.0&bitm_socialservices=18.0.3&bitm_vote=17.5.1&bitm_iblock=18.5.4&bitm_scale=17.5.0&bitl_en=&bitl_ru=&bitl_de=20140526&bitl_ch=&SUPD_SRS=RU&SUPD_CMP=N&SALE_15=Y&LICENSE_SIGNED=%7Enew_license18_0_sign-Y
2019-05-24 09:58:31 -  - exec CUpdateClient::GetHTTPPage
2019-05-24 09:58:31 -  - TIME GetUpdatesList(request) 0.196 sec
2019-05-24 09:58:31 -  - exec CUpdateClient::ParseServerData
2019-09-25 11:14:37 -  - exec CUpdateClient::GetUpdatesList
2019-09-25 11:14:37 -  - exec CUpdateClient::CollectRequestData
2019-09-25 11:14:37 -  - LICENSE_KEY=X&lang=ru&SUPD_VER=18.1.3&VERSION=18.1.3&TYPENC=F&SUPD_STS=3&SUPD_URS=0&SUPD_DBS=MYSQL&XE=N&CLIENT_SITE=www.spbsez.ru&CHHB=www.spbsez.ru&CSAB=127.0.0.1&SUID=df2485f0460456c574493e35326b704b&CANGZIP=Y&CLIENT_PHPVER=7.1.28-1%2Bubuntu16.04.1%2Bdeb.sury.org%2B3&stable=Y&NGINX=Y&rerere=Y&bitm_main=18.1.3&bitm_bitrixcloud=18.5.0&bitm_security=18.5.0&bitm_compression=16.0.0&bitm_rest=18.5.2&bitm_photogallery=18.0.0&bitm_form=18.0.0&bitm_highloadblock=18.5.0&bitm_subscribe=17.5.0&bitm_landing=18.4.31&bitm_ui=18.0.1&bitm_perfmon=18.5.0&bitm_forum=18.0.3&bitm_seo=18.5.0&bitm_im=18.1.5&bitm_b24connector=18.0.0&bitm_calendar=18.0.0&bitm_translate=16.5.0&bitm_clouds=18.0.0&bitm_mobileapp=18.0.2&bitm_fileman=18.0.4&bitm_search=18.5.0&bitm_socialservices=18.0.3&bitm_vote=17.5.1&bitm_iblock=18.5.4&bitm_scale=17.5.0&bitl_en=&bitl_ru=&bitl_de=20140526&bitl_ch=&SUPD_SRS=RU&SUPD_CMP=N&SALE_15=Y&LICENSE_SIGNED=%7Enew_license18_0_sign-Y
2019-09-25 11:14:37 -  - exec CUpdateClient::GetHTTPPage
2019-09-25 11:14:38 -  - TIME GetUpdatesList(request) 0.222 sec
2019-09-25 11:14:38 -  - exec CUpdateClient::ParseServerData
2019-09-25 11:14:56 -  - exec CUpdateClient::GetUpdatesList
2019-09-25 11:14:56 -  - exec CUpdateClient::CollectRequestData
2019-09-25 11:14:56 -  - LICENSE_KEY=X&lang=ru&SUPD_VER=18.1.3&VERSION=18.1.3&TYPENC=F&SUPD_STS=3&SUPD_URS=0&SUPD_DBS=MYSQL&XE=N&CLIENT_SITE=www.spbsez.ru&CHHB=www.spbsez.ru&CSAB=127.0.0.1&SUID=df2485f0460456c574493e35326b704b&CANGZIP=Y&CLIENT_PHPVER=7.1.28-1%2Bubuntu16.04.1%2Bdeb.sury.org%2B3&stable=Y&NGINX=Y&rerere=Y&bitm_main=18.1.3&bitm_bitrixcloud=18.5.0&bitm_security=18.5.0&bitm_compression=16.0.0&bitm_rest=18.5.2&bitm_photogallery=18.0.0&bitm_form=18.0.0&bitm_highloadblock=18.5.0&bitm_subscribe=17.5.0&bitm_landing=18.4.31&bitm_ui=18.0.1&bitm_perfmon=18.5.0&bitm_forum=18.0.3&bitm_seo=18.5.0&bitm_im=18.1.5&bitm_b24connector=18.0.0&bitm_calendar=18.0.0&bitm_translate=16.5.0&bitm_clouds=18.0.0&bitm_mobileapp=18.0.2&bitm_fileman=18.0.4&bitm_search=18.5.0&bitm_socialservices=18.0.3&bitm_vote=17.5.1&bitm_iblock=18.5.4&bitm_scale=17.5.0&bitl_en=&bitl_ru=&bitl_de=20140526&bitl_ch=&SUPD_SRS=RU&SUPD_CMP=N&SALE_15=Y&LICENSE_SIGNED=%7Enew_license18_0_sign-Y
2019-09-25 11:14:56 -  - exec CUpdateClient::GetHTTPPage
2019-09-25 11:14:56 -  - TIME GetUpdatesList(request) 0.158 sec
2019-09-25 11:14:56 -  - exec CUpdateClient::ParseServerData
2019-09-25 11:15:09 -  - exec CUpdateClient::GetUpdatesList
2019-09-25 11:15:09 -  - exec CUpdateClient::CollectRequestData
2019-09-25 11:15:09 -  - LICENSE_KEY=X&lang=ru&SUPD_VER=18.1.3&VERSION=18.1.3&TYPENC=F&SUPD_STS=3&SUPD_URS=0&SUPD_DBS=MYSQL&XE=N&CLIENT_SITE=www.spbsez.ru&CHHB=www.spbsez.ru&CSAB=127.0.0.1&SUID=df2485f0460456c574493e35326b704b&CANGZIP=Y&CLIENT_PHPVER=7.1.28-1%2Bubuntu16.04.1%2Bdeb.sury.org%2B3&stable=Y&NGINX=Y&rerere=Y&bitm_main=18.1.3&bitm_bitrixcloud=18.5.0&bitm_security=18.5.0&bitm_compression=16.0.0&bitm_rest=18.5.2&bitm_photogallery=18.0.0&bitm_form=18.0.0&bitm_highloadblock=18.5.0&bitm_subscribe=17.5.0&bitm_landing=18.4.31&bitm_ui=18.0.1&bitm_perfmon=18.5.0&bitm_forum=18.0.3&bitm_seo=18.5.0&bitm_im=18.1.5&bitm_b24connector=18.0.0&bitm_calendar=18.0.0&bitm_translate=16.5.0&bitm_clouds=18.0.0&bitm_mobileapp=18.0.2&bitm_fileman=18.0.4&bitm_search=18.5.0&bitm_socialservices=18.0.3&bitm_vote=17.5.1&bitm_iblock=18.5.4&bitm_scale=17.5.0&bitl_en=&bitl_ru=&bitl_de=20140526&bitl_ch=&SUPD_SRS=RU&SUPD_CMP=N&SALE_15=Y&LICENSE_SIGNED=%7Enew_license18_0_sign-Y
2019-09-25 11:15:09 -  - exec CUpdateClient::GetHTTPPage
2019-09-25 11:15:10 -  - TIME GetUpdatesList(request) 0.173 sec
2019-09-25 11:15:10 -  - exec CUpdateClient::ParseServerData
2019-09-25 11:15:57 -  - exec CUpdateClient::GetUpdatesList
2019-09-25 11:15:57 -  - exec CUpdateClient::CollectRequestData
2019-09-25 11:15:57 -  - LICENSE_KEY=X&lang=ru&SUPD_VER=18.1.3&VERSION=18.1.3&TYPENC=F&SUPD_STS=3&SUPD_URS=0&SUPD_DBS=MYSQL&XE=N&CLIENT_SITE=www.spbsez.ru&CHHB=www.spbsez.ru&CSAB=127.0.0.1&SUID=df2485f0460456c574493e35326b704b&CANGZIP=Y&CLIENT_PHPVER=7.1.28-1%2Bubuntu16.04.1%2Bdeb.sury.org%2B3&stable=Y&NGINX=Y&rerere=Y&bitm_main=18.1.3&bitm_bitrixcloud=18.5.0&bitm_security=18.5.0&bitm_compression=16.0.0&bitm_rest=18.5.2&bitm_photogallery=18.0.0&bitm_form=18.0.0&bitm_highloadblock=18.5.0&bitm_subscribe=17.5.0&bitm_landing=18.4.31&bitm_ui=18.0.1&bitm_perfmon=18.5.0&bitm_forum=18.0.3&bitm_seo=18.5.0&bitm_im=18.1.5&bitm_b24connector=18.0.0&bitm_calendar=18.0.0&bitm_translate=16.5.0&bitm_clouds=18.0.0&bitm_mobileapp=18.0.2&bitm_fileman=18.0.4&bitm_search=18.5.0&bitm_socialservices=18.0.3&bitm_vote=17.5.1&bitm_iblock=18.5.4&bitm_scale=17.5.0&bitl_en=&bitl_ru=&bitl_de=20140526&bitl_ch=&SUPD_SRS=RU&SUPD_CMP=N&SALE_15=Y&LICENSE_SIGNED=%7Enew_license18_0_sign-Y
2019-09-25 11:15:57 -  - exec CUpdateClient::GetHTTPPage
2019-09-25 11:15:57 -  - TIME GetUpdatesList(request) 0.162 sec
2019-09-25 11:15:57 -  - exec CUpdateClient::ParseServerData
2019-09-25 11:16:46 -  - exec CUpdateClient::GetUpdatesList
2019-09-25 11:16:46 -  - exec CUpdateClient::CollectRequestData
2019-09-25 11:16:46 -  - LICENSE_KEY=X&lang=ru&SUPD_VER=18.1.3&VERSION=18.1.3&TYPENC=F&SUPD_STS=3&SUPD_URS=0&SUPD_DBS=MYSQL&XE=N&CLIENT_SITE=www.spbsez.ru&CHHB=www.spbsez.ru&CSAB=127.0.0.1&SUID=df2485f0460456c574493e35326b704b&CANGZIP=Y&CLIENT_PHPVER=7.1.28-1%2Bubuntu16.04.1%2Bdeb.sury.org%2B3&stable=Y&NGINX=Y&rerere=Y&bitm_main=18.1.3&bitm_bitrixcloud=18.5.0&bitm_security=18.5.0&bitm_compression=16.0.0&bitm_rest=18.5.2&bitm_photogallery=18.0.0&bitm_form=18.0.0&bitm_highloadblock=18.5.0&bitm_subscribe=17.5.0&bitm_landing=18.4.31&bitm_ui=18.0.1&bitm_perfmon=18.5.0&bitm_forum=18.0.3&bitm_seo=18.5.0&bitm_im=18.1.5&bitm_b24connector=18.0.0&bitm_calendar=18.0.0&bitm_translate=16.5.0&bitm_clouds=18.0.0&bitm_mobileapp=18.0.2&bitm_fileman=18.0.4&bitm_search=18.5.0&bitm_socialservices=18.0.3&bitm_vote=17.5.1&bitm_iblock=18.5.4&bitm_scale=17.5.0&bitl_en=&bitl_ru=&bitl_de=20140526&bitl_ch=&SUPD_SRS=RU&SUPD_CMP=N&SALE_15=Y&LICENSE_SIGNED=%7Enew_license18_0_sign-Y
2019-09-25 11:16:46 -  - exec CUpdateClient::GetHTTPPage
2019-09-25 11:16:46 -  - TIME GetUpdatesList(request) 0.157 sec
2019-09-25 11:16:46 -  - exec CUpdateClient::ParseServerData
2019-09-25 11:17:13 -  - exec CUpdateClient::GetUpdatesList
2019-09-25 11:17:13 -  - exec CUpdateClient::CollectRequestData
2019-09-25 11:17:13 -  - LICENSE_KEY=X&lang=ru&SUPD_VER=18.1.3&VERSION=18.1.3&TYPENC=F&SUPD_STS=3&SUPD_URS=0&SUPD_DBS=MYSQL&XE=N&CLIENT_SITE=www.spbsez.ru&CHHB=www.spbsez.ru&CSAB=127.0.0.1&SUID=df2485f0460456c574493e35326b704b&CANGZIP=Y&CLIENT_PHPVER=7.1.28-1%2Bubuntu16.04.1%2Bdeb.sury.org%2B3&stable=Y&NGINX=Y&rerere=Y&bitm_main=18.1.3&bitm_bitrixcloud=18.5.0&bitm_security=18.5.0&bitm_compression=16.0.0&bitm_rest=18.5.2&bitm_photogallery=18.0.0&bitm_form=18.0.0&bitm_highloadblock=18.5.0&bitm_subscribe=17.5.0&bitm_landing=18.4.31&bitm_ui=18.0.1&bitm_perfmon=18.5.0&bitm_forum=18.0.3&bitm_seo=18.5.0&bitm_im=18.1.5&bitm_b24connector=18.0.0&bitm_calendar=18.0.0&bitm_translate=16.5.0&bitm_clouds=18.0.0&bitm_mobileapp=18.0.2&bitm_fileman=18.0.4&bitm_search=18.5.0&bitm_socialservices=18.0.3&bitm_vote=17.5.1&bitm_iblock=18.5.4&bitm_scale=17.5.0&bitl_en=&bitl_ru=&bitl_de=20140526&bitl_ch=&SUPD_SRS=RU&SUPD_CMP=N&SALE_15=Y&LICENSE_SIGNED=%7Enew_license18_0_sign-Y
2019-09-25 11:17:13 -  - exec CUpdateClient::GetHTTPPage
2019-09-25 11:17:13 -  - TIME GetUpdatesList(request) 0.247 sec
2019-09-25 11:17:13 -  - exec CUpdateClient::ParseServerData
2019-09-25 11:19:46 -  - exec CUpdateClient::GetUpdatesList
2019-09-25 11:19:46 -  - exec CUpdateClient::CollectRequestData
2019-09-25 11:19:46 -  - LICENSE_KEY=X&lang=ru&SUPD_VER=18.1.3&VERSION=18.1.3&TYPENC=F&SUPD_STS=3&SUPD_URS=0&SUPD_DBS=MYSQL&XE=N&CLIENT_SITE=www.spbsez.ru&CHHB=www.spbsez.ru&CSAB=127.0.0.1&SUID=df2485f0460456c574493e35326b704b&CANGZIP=Y&CLIENT_PHPVER=7.1.28-1%2Bubuntu16.04.1%2Bdeb.sury.org%2B3&stable=Y&NGINX=Y&rerere=Y&bitm_main=18.1.3&bitm_bitrixcloud=18.5.0&bitm_security=18.5.0&bitm_compression=16.0.0&bitm_rest=18.5.2&bitm_photogallery=18.0.0&bitm_form=18.0.0&bitm_highloadblock=18.5.0&bitm_subscribe=17.5.0&bitm_landing=18.4.31&bitm_ui=18.0.1&bitm_perfmon=18.5.0&bitm_forum=18.0.3&bitm_seo=18.5.0&bitm_im=18.1.5&bitm_b24connector=18.0.0&bitm_calendar=18.0.0&bitm_translate=16.5.0&bitm_clouds=18.0.0&bitm_mobileapp=18.0.2&bitm_fileman=18.0.4&bitm_search=18.5.0&bitm_socialservices=18.0.3&bitm_vote=17.5.1&bitm_iblock=18.5.4&bitm_scale=17.5.0&bitl_en=&bitl_ru=&bitl_de=20140526&bitl_ch=&SUPD_SRS=RU&SUPD_CMP=N&SALE_15=Y&LICENSE_SIGNED=%7Enew_license18_0_sign-Y
2019-09-25 11:19:46 -  - exec CUpdateClient::GetHTTPPage
2019-09-25 11:19:46 -  - TIME GetUpdatesList(request) 0.168 sec
2019-09-25 11:19:46 -  - exec CUpdateClient::ParseServerData
2019-09-25 11:19:52 -  - exec CUpdateClient::GetUpdatesList
2019-09-25 11:19:52 -  - exec CUpdateClient::CollectRequestData
2019-09-25 11:19:52 -  - LICENSE_KEY=X&lang=ru&SUPD_VER=18.1.3&VERSION=18.1.3&TYPENC=F&SUPD_STS=3&SUPD_URS=0&SUPD_DBS=MYSQL&XE=N&CLIENT_SITE=www.spbsez.ru&CHHB=www.spbsez.ru&CSAB=127.0.0.1&SUID=df2485f0460456c574493e35326b704b&CANGZIP=Y&CLIENT_PHPVER=7.1.28-1%2Bubuntu16.04.1%2Bdeb.sury.org%2B3&stable=Y&NGINX=Y&rerere=Y&bitm_main=18.1.3&bitm_bitrixcloud=18.5.0&bitm_security=18.5.0&bitm_compression=16.0.0&bitm_rest=18.5.2&bitm_photogallery=18.0.0&bitm_form=18.0.0&bitm_highloadblock=18.5.0&bitm_subscribe=17.5.0&bitm_landing=18.4.31&bitm_ui=18.0.1&bitm_perfmon=18.5.0&bitm_forum=18.0.3&bitm_seo=18.5.0&bitm_im=18.1.5&bitm_b24connector=18.0.0&bitm_calendar=18.0.0&bitm_translate=16.5.0&bitm_clouds=18.0.0&bitm_mobileapp=18.0.2&bitm_fileman=18.0.4&bitm_search=18.5.0&bitm_socialservices=18.0.3&bitm_vote=17.5.1&bitm_iblock=18.5.4&bitm_scale=17.5.0&bitl_en=&bitl_ru=&bitl_de=20140526&bitl_ch=&SUPD_SRS=RU&SUPD_CMP=N&SALE_15=Y&LICENSE_SIGNED=%7Enew_license18_0_sign-Y
2019-09-25 11:19:52 -  - exec CUpdateClient::GetHTTPPage
2019-09-25 11:19:52 -  - TIME GetUpdatesList(request) 0.162 sec
2019-09-25 11:19:52 -  - exec CUpdateClient::ParseServerData
2019-09-25 11:22:23 -  - exec CUpdateClient::GetUpdatesList
2019-09-25 11:22:23 -  - exec CUpdateClient::CollectRequestData
2019-09-25 11:22:23 -  - LICENSE_KEY=X&lang=ru&SUPD_VER=18.1.3&VERSION=18.1.3&TYPENC=F&SUPD_STS=3&SUPD_URS=0&SUPD_DBS=MYSQL&XE=N&CLIENT_SITE=www.spbsez.ru&CHHB=www.spbsez.ru&CSAB=127.0.0.1&SUID=df2485f0460456c574493e35326b704b&CANGZIP=Y&CLIENT_PHPVER=7.1.28-1%2Bubuntu16.04.1%2Bdeb.sury.org%2B3&stable=Y&NGINX=Y&rerere=Y&bitm_main=18.1.3&bitm_bitrixcloud=18.5.0&bitm_security=18.5.0&bitm_compression=16.0.0&bitm_rest=18.5.2&bitm_photogallery=18.0.0&bitm_form=18.0.0&bitm_highloadblock=18.5.0&bitm_subscribe=17.5.0&bitm_landing=18.4.31&bitm_ui=18.0.1&bitm_perfmon=18.5.0&bitm_forum=18.0.3&bitm_seo=18.5.0&bitm_im=18.1.5&bitm_b24connector=18.0.0&bitm_calendar=18.0.0&bitm_translate=16.5.0&bitm_clouds=18.0.0&bitm_mobileapp=18.0.2&bitm_fileman=18.0.4&bitm_search=18.5.0&bitm_socialservices=18.0.3&bitm_vote=17.5.1&bitm_iblock=18.5.4&bitm_scale=17.5.0&bitl_en=&bitl_ru=&bitl_de=20140526&bitl_ch=&SUPD_SRS=RU&SUPD_CMP=N&SALE_15=Y&LICENSE_SIGNED=%7Enew_license18_0_sign-Y
2019-09-25 11:22:23 -  - exec CUpdateClient::GetHTTPPage
2019-09-25 11:22:23 -  - TIME GetUpdatesList(request) 0.231 sec
2019-09-25 11:22:23 -  - exec CUpdateClient::ParseServerData
2019-09-25 11:24:59 -  - exec CUpdateClient::GetUpdatesList
2019-09-25 11:24:59 -  - exec CUpdateClient::CollectRequestData
2019-09-25 11:24:59 -  - LICENSE_KEY=X&lang=ru&SUPD_VER=18.1.3&VERSION=18.1.3&TYPENC=F&SUPD_STS=3&SUPD_URS=0&SUPD_DBS=MYSQL&XE=N&CLIENT_SITE=www.spbsez.ru&CHHB=www.spbsez.ru&CSAB=127.0.0.1&SUID=df2485f0460456c574493e35326b704b&CANGZIP=Y&CLIENT_PHPVER=7.1.28-1%2Bubuntu16.04.1%2Bdeb.sury.org%2B3&stable=Y&NGINX=Y&rerere=Y&bitm_main=18.1.3&bitm_bitrixcloud=18.5.0&bitm_security=18.5.0&bitm_compression=16.0.0&bitm_rest=18.5.2&bitm_photogallery=18.0.0&bitm_form=18.0.0&bitm_highloadblock=18.5.0&bitm_subscribe=17.5.0&bitm_landing=18.4.31&bitm_ui=18.0.1&bitm_perfmon=18.5.0&bitm_forum=18.0.3&bitm_seo=18.5.0&bitm_im=18.1.5&bitm_b24connector=18.0.0&bitm_calendar=18.0.0&bitm_translate=16.5.0&bitm_clouds=18.0.0&bitm_mobileapp=18.0.2&bitm_fileman=18.0.4&bitm_search=18.5.0&bitm_socialservices=18.0.3&bitm_vote=17.5.1&bitm_iblock=18.5.4&bitm_scale=17.5.0&bitl_en=&bitl_ru=&bitl_de=20140526&bitl_ch=&SUPD_SRS=RU&SUPD_CMP=N&SALE_15=Y&LICENSE_SIGNED=%7Enew_license18_0_sign-Y
2019-09-25 11:24:59 -  - exec CUpdateClient::GetHTTPPage
2019-09-25 11:24:59 -  - TIME GetUpdatesList(request) 0.166 sec
2019-09-25 11:24:59 -  - exec CUpdateClient::ParseServerData
2019-09-25 11:25:21 -  - exec CUpdateClient::GetUpdatesList
2019-09-25 11:25:21 -  - exec CUpdateClient::CollectRequestData
2019-09-25 11:25:21 -  - LICENSE_KEY=X&lang=ru&SUPD_VER=18.1.3&VERSION=18.1.3&TYPENC=F&SUPD_STS=3&SUPD_URS=0&SUPD_DBS=MYSQL&XE=N&CLIENT_SITE=www.spbsez.ru&CHHB=www.spbsez.ru&CSAB=127.0.0.1&SUID=df2485f0460456c574493e35326b704b&CANGZIP=Y&CLIENT_PHPVER=7.1.28-1%2Bubuntu16.04.1%2Bdeb.sury.org%2B3&stable=Y&NGINX=Y&rerere=Y&bitm_main=18.1.3&bitm_bitrixcloud=18.5.0&bitm_security=18.5.0&bitm_compression=16.0.0&bitm_rest=18.5.2&bitm_photogallery=18.0.0&bitm_form=18.0.0&bitm_highloadblock=18.5.0&bitm_subscribe=17.5.0&bitm_landing=18.4.31&bitm_ui=18.0.1&bitm_perfmon=18.5.0&bitm_forum=18.0.3&bitm_seo=18.5.0&bitm_im=18.1.5&bitm_b24connector=18.0.0&bitm_calendar=18.0.0&bitm_translate=16.5.0&bitm_clouds=18.0.0&bitm_mobileapp=18.0.2&bitm_fileman=18.0.4&bitm_search=18.5.0&bitm_socialservices=18.0.3&bitm_vote=17.5.1&bitm_iblock=18.5.4&bitm_scale=17.5.0&bitl_en=&bitl_ru=&bitl_de=20140526&bitl_ch=&SUPD_SRS=RU&SUPD_CMP=N&SALE_15=Y&LICENSE_SIGNED=%7Enew_license18_0_sign-Y
2019-09-25 11:25:21 -  - exec CUpdateClient::GetHTTPPage
2019-09-25 11:25:21 -  - TIME GetUpdatesList(request) 0.158 sec
2019-09-25 11:25:21 -  - exec CUpdateClient::ParseServerData
2019-09-25 11:34:14 -  - exec CUpdateClient::GetUpdatesList
2019-09-25 11:34:14 -  - exec CUpdateClient::CollectRequestData
2019-09-25 11:34:14 -  - LICENSE_KEY=X&lang=ru&SUPD_VER=18.1.3&VERSION=18.1.3&TYPENC=F&SUPD_STS=3&SUPD_URS=0&SUPD_DBS=MYSQL&XE=N&CLIENT_SITE=www.spbsez.ru&CHHB=www.spbsez.ru&CSAB=127.0.0.1&SUID=df2485f0460456c574493e35326b704b&CANGZIP=Y&CLIENT_PHPVER=7.1.28-1%2Bubuntu16.04.1%2Bdeb.sury.org%2B3&stable=Y&NGINX=Y&rerere=Y&bitm_main=18.1.3&bitm_bitrixcloud=18.5.0&bitm_security=18.5.0&bitm_compression=16.0.0&bitm_rest=18.5.2&bitm_photogallery=18.0.0&bitm_form=18.0.0&bitm_highloadblock=18.5.0&bitm_subscribe=17.5.0&bitm_landing=18.4.31&bitm_ui=18.0.1&bitm_perfmon=18.5.0&bitm_forum=18.0.3&bitm_seo=18.5.0&bitm_im=18.1.5&bitm_b24connector=18.0.0&bitm_calendar=18.0.0&bitm_translate=16.5.0&bitm_clouds=18.0.0&bitm_mobileapp=18.0.2&bitm_fileman=18.0.4&bitm_search=18.5.0&bitm_socialservices=18.0.3&bitm_vote=17.5.1&bitm_iblock=18.5.4&bitm_scale=17.5.0&bitl_en=&bitl_ru=&bitl_de=20140526&bitl_ch=&SUPD_SRS=RU&SUPD_CMP=N&SALE_15=Y&LICENSE_SIGNED=%7Enew_license18_0_sign-Y
2019-09-25 11:34:14 -  - exec CUpdateClient::GetHTTPPage
2019-09-25 11:34:15 -  - TIME GetUpdatesList(request) 0.231 sec
2019-09-25 11:34:15 -  - exec CUpdateClient::ParseServerData
2019-09-25 11:46:42 -  - exec CUpdateClient::GetUpdatesList
2019-09-25 11:46:42 -  - exec CUpdateClient::CollectRequestData
2019-09-25 11:46:42 -  - LICENSE_KEY=X&lang=ru&SUPD_VER=18.1.3&VERSION=18.1.3&TYPENC=F&SUPD_STS=3&SUPD_URS=0&SUPD_DBS=MYSQL&XE=N&CLIENT_SITE=www.spbsez.ru&CHHB=www.spbsez.ru&CSAB=127.0.0.1&SUID=df2485f0460456c574493e35326b704b&CANGZIP=Y&CLIENT_PHPVER=7.1.28-1%2Bubuntu16.04.1%2Bdeb.sury.org%2B3&stable=Y&NGINX=Y&rerere=Y&bitm_main=18.1.3&bitm_bitrixcloud=18.5.0&bitm_security=18.5.0&bitm_compression=16.0.0&bitm_rest=18.5.2&bitm_photogallery=18.0.0&bitm_form=18.0.0&bitm_highloadblock=18.5.0&bitm_subscribe=17.5.0&bitm_landing=18.4.31&bitm_ui=18.0.1&bitm_perfmon=18.5.0&bitm_forum=18.0.3&bitm_seo=18.5.0&bitm_im=18.1.5&bitm_b24connector=18.0.0&bitm_calendar=18.0.0&bitm_translate=16.5.0&bitm_clouds=18.0.0&bitm_mobileapp=18.0.2&bitm_fileman=18.0.4&bitm_search=18.5.0&bitm_socialservices=18.0.3&bitm_vote=17.5.1&bitm_iblock=18.5.4&bitm_scale=17.5.0&bitl_en=&bitl_ru=&bitl_de=20140526&bitl_ch=&SUPD_SRS=RU&SUPD_CMP=N&SALE_15=Y&LICENSE_SIGNED=%7Enew_license18_0_sign-Y
2019-09-25 11:46:42 -  - exec CUpdateClient::GetHTTPPage
2019-09-25 11:46:43 -  - TIME GetUpdatesList(request) 0.231 sec
2019-09-25 11:46:43 -  - exec CUpdateClient::ParseServerData
2019-09-25 11:47:44 -  - exec CUpdateClient::GetUpdatesList
2019-09-25 11:47:44 -  - exec CUpdateClient::CollectRequestData
2019-09-25 11:47:44 -  - LICENSE_KEY=X&lang=ru&SUPD_VER=18.1.3&VERSION=18.1.3&TYPENC=F&SUPD_STS=3&SUPD_URS=0&SUPD_DBS=MYSQL&XE=N&CLIENT_SITE=www.spbsez.ru&CHHB=www.spbsez.ru&CSAB=127.0.0.1&SUID=df2485f0460456c574493e35326b704b&CANGZIP=Y&CLIENT_PHPVER=7.1.28-1%2Bubuntu16.04.1%2Bdeb.sury.org%2B3&stable=Y&NGINX=Y&rerere=Y&bitm_main=18.1.3&bitm_bitrixcloud=18.5.0&bitm_security=18.5.0&bitm_compression=16.0.0&bitm_rest=18.5.2&bitm_photogallery=18.0.0&bitm_form=18.0.0&bitm_highloadblock=18.5.0&bitm_subscribe=17.5.0&bitm_landing=18.4.31&bitm_ui=18.0.1&bitm_perfmon=18.5.0&bitm_forum=18.0.3&bitm_seo=18.5.0&bitm_im=18.1.5&bitm_b24connector=18.0.0&bitm_calendar=18.0.0&bitm_translate=16.5.0&bitm_clouds=18.0.0&bitm_mobileapp=18.0.2&bitm_fileman=18.0.4&bitm_search=18.5.0&bitm_socialservices=18.0.3&bitm_vote=17.5.1&bitm_iblock=18.5.4&bitm_scale=17.5.0&bitl_en=&bitl_ru=&bitl_de=20140526&bitl_ch=&SUPD_SRS=RU&SUPD_CMP=N&SALE_15=Y&LICENSE_SIGNED=%7Enew_license18_0_sign-Y
2019-09-25 11:47:44 -  - exec CUpdateClient::GetHTTPPage
2019-09-25 11:47:44 -  - TIME GetUpdatesList(request) 0.175 sec
2019-09-25 11:47:44 -  - exec CUpdateClient::ParseServerData
2019-09-25 11:48:47 -  - exec CUpdateClient::GetUpdatesList
2019-09-25 11:48:47 -  - exec CUpdateClient::CollectRequestData
2019-09-25 11:48:47 -  - LICENSE_KEY=X&lang=ru&SUPD_VER=18.1.3&VERSION=18.1.3&TYPENC=F&SUPD_STS=3&SUPD_URS=0&SUPD_DBS=MYSQL&XE=N&CLIENT_SITE=www.spbsez.ru&CHHB=www.spbsez.ru&CSAB=127.0.0.1&SUID=df2485f0460456c574493e35326b704b&CANGZIP=Y&CLIENT_PHPVER=7.1.28-1%2Bubuntu16.04.1%2Bdeb.sury.org%2B3&stable=Y&NGINX=Y&rerere=Y&bitm_main=18.1.3&bitm_bitrixcloud=18.5.0&bitm_security=18.5.0&bitm_compression=16.0.0&bitm_rest=18.5.2&bitm_photogallery=18.0.0&bitm_form=18.0.0&bitm_highloadblock=18.5.0&bitm_subscribe=17.5.0&bitm_landing=18.4.31&bitm_ui=18.0.1&bitm_perfmon=18.5.0&bitm_forum=18.0.3&bitm_seo=18.5.0&bitm_im=18.1.5&bitm_b24connector=18.0.0&bitm_calendar=18.0.0&bitm_translate=16.5.0&bitm_clouds=18.0.0&bitm_mobileapp=18.0.2&bitm_fileman=18.0.4&bitm_search=18.5.0&bitm_socialservices=18.0.3&bitm_vote=17.5.1&bitm_iblock=18.5.4&bitm_scale=17.5.0&bitl_en=&bitl_ru=&bitl_de=20140526&bitl_ch=&SUPD_SRS=RU&SUPD_CMP=N&SALE_15=Y&LICENSE_SIGNED=%7Enew_license18_0_sign-Y
2019-09-25 11:48:47 -  - exec CUpdateClient::GetHTTPPage
2019-09-25 11:48:47 -  - TIME GetUpdatesList(request) 0.206 sec
2019-09-25 11:48:47 -  - exec CUpdateClient::ParseServerData
2019-09-25 11:48:49 -  - exec CUpdateClient::GetUpdatesList
2019-09-25 11:48:49 -  - exec CUpdateClient::CollectRequestData
2019-09-25 11:48:49 -  - LICENSE_KEY=X&lang=ru&SUPD_VER=18.1.3&VERSION=18.1.3&TYPENC=F&SUPD_STS=3&SUPD_URS=0&SUPD_DBS=MYSQL&XE=N&CLIENT_SITE=www.spbsez.ru&CHHB=www.spbsez.ru&CSAB=127.0.0.1&SUID=df2485f0460456c574493e35326b704b&CANGZIP=Y&CLIENT_PHPVER=7.1.28-1%2Bubuntu16.04.1%2Bdeb.sury.org%2B3&stable=Y&NGINX=Y&rerere=Y&bitm_main=18.1.3&bitm_bitrixcloud=18.5.0&bitm_security=18.5.0&bitm_compression=16.0.0&bitm_rest=18.5.2&bitm_photogallery=18.0.0&bitm_form=18.0.0&bitm_highloadblock=18.5.0&bitm_subscribe=17.5.0&bitm_landing=18.4.31&bitm_ui=18.0.1&bitm_perfmon=18.5.0&bitm_forum=18.0.3&bitm_seo=18.5.0&bitm_im=18.1.5&bitm_b24connector=18.0.0&bitm_calendar=18.0.0&bitm_translate=16.5.0&bitm_clouds=18.0.0&bitm_mobileapp=18.0.2&bitm_fileman=18.0.4&bitm_search=18.5.0&bitm_socialservices=18.0.3&bitm_vote=17.5.1&bitm_iblock=18.5.4&bitm_scale=17.5.0&bitl_en=&bitl_ru=&bitl_de=20140526&bitl_ch=&SUPD_SRS=RU&SUPD_CMP=N&SALE_15=Y&LICENSE_SIGNED=%7Enew_license18_0_sign-Y
2019-09-25 11:48:49 -  - exec CUpdateClient::GetHTTPPage
2019-09-25 11:48:49 -  - TIME GetUpdatesList(request) 0.177 sec
2019-09-25 11:48:49 -  - exec CUpdateClient::ParseServerData
2019-09-25 12:30:02 -  - exec CUpdateClient::GetUpdatesList
2019-09-25 12:30:02 -  - exec CUpdateClient::CollectRequestData
2019-09-25 12:30:02 -  - LICENSE_KEY=X&lang=ru&SUPD_VER=18.1.3&VERSION=18.1.3&TYPENC=F&SUPD_STS=3&SUPD_URS=0&SUPD_DBS=MYSQL&XE=N&CLIENT_SITE=www.spbsez.ru&CHHB=www.spbsez.ru&CSAB=127.0.0.1&SUID=df2485f0460456c574493e35326b704b&CANGZIP=Y&CLIENT_PHPVER=7.1.28-1%2Bubuntu16.04.1%2Bdeb.sury.org%2B3&stable=Y&NGINX=Y&rerere=Y&bitm_main=18.1.3&bitm_bitrixcloud=18.5.0&bitm_security=18.5.0&bitm_compression=16.0.0&bitm_rest=18.5.2&bitm_photogallery=18.0.0&bitm_form=18.0.0&bitm_highloadblock=18.5.0&bitm_subscribe=17.5.0&bitm_landing=18.4.31&bitm_ui=18.0.1&bitm_perfmon=18.5.0&bitm_forum=18.0.3&bitm_seo=18.5.0&bitm_im=18.1.5&bitm_b24connector=18.0.0&bitm_calendar=18.0.0&bitm_translate=16.5.0&bitm_clouds=18.0.0&bitm_mobileapp=18.0.2&bitm_fileman=18.0.4&bitm_search=18.5.0&bitm_socialservices=18.0.3&bitm_vote=17.5.1&bitm_iblock=18.5.4&bitm_scale=17.5.0&bitl_en=&bitl_ru=&bitl_de=20140526&bitl_ch=&SUPD_SRS=RU&SUPD_CMP=N&SALE_15=Y&LICENSE_SIGNED=%7Enew_license18_0_sign-Y
2019-09-25 12:30:02 -  - exec CUpdateClient::GetHTTPPage
2019-09-25 12:30:02 -  - TIME GetUpdatesList(request) 0.572 sec
2019-09-25 12:30:02 -  - exec CUpdateClient::ParseServerData
2019-09-25 15:17:09 -  - exec CUpdateClient::GetUpdatesList
2019-09-25 15:17:09 -  - exec CUpdateClient::CollectRequestData
2019-09-25 15:17:09 -  - LICENSE_KEY=X&lang=ru&SUPD_VER=18.1.3&VERSION=18.1.3&TYPENC=F&SUPD_STS=3&SUPD_URS=0&SUPD_DBS=MYSQL&XE=N&CLIENT_SITE=www.spbsez.ru&CHHB=www.spbsez.ru&CSAB=127.0.0.1&SUID=df2485f0460456c574493e35326b704b&CANGZIP=Y&CLIENT_PHPVER=7.1.28-1%2Bubuntu16.04.1%2Bdeb.sury.org%2B3&stable=Y&NGINX=Y&rerere=Y&bitm_main=18.1.3&bitm_bitrixcloud=18.5.0&bitm_security=18.5.0&bitm_compression=16.0.0&bitm_rest=18.5.2&bitm_photogallery=18.0.0&bitm_form=18.0.0&bitm_highloadblock=18.5.0&bitm_subscribe=17.5.0&bitm_landing=18.4.31&bitm_ui=18.0.1&bitm_perfmon=18.5.0&bitm_forum=18.0.3&bitm_seo=18.5.0&bitm_im=18.1.5&bitm_b24connector=18.0.0&bitm_calendar=18.0.0&bitm_translate=16.5.0&bitm_clouds=18.0.0&bitm_mobileapp=18.0.2&bitm_fileman=18.0.4&bitm_search=18.5.0&bitm_socialservices=18.0.3&bitm_vote=17.5.1&bitm_iblock=18.5.4&bitm_scale=17.5.0&bitl_en=&bitl_ru=&bitl_de=20140526&bitl_ch=&SUPD_SRS=RU&SUPD_CMP=N&SALE_15=Y&LICENSE_SIGNED=%7Enew_license18_0_sign-Y
2019-09-25 15:17:09 -  - exec CUpdateClient::GetHTTPPage
2019-09-25 15:17:09 -  - TIME GetUpdatesList(request) 0.205 sec
2019-09-25 15:17:09 -  - exec CUpdateClient::ParseServerData
2019-09-26 17:43:23 -  - exec CUpdateClient::GetUpdatesList
2019-09-26 17:43:23 -  - exec CUpdateClient::CollectRequestData
2019-09-26 17:43:23 -  - LICENSE_KEY=X&lang=ru&SUPD_VER=18.1.3&VERSION=18.1.3&TYPENC=F&SUPD_STS=3&SUPD_URS=0&SUPD_DBS=MYSQL&XE=N&CLIENT_SITE=www.spbsez.ru&CHHB=www.spbsez.ru&CSAB=127.0.0.1&SUID=df2485f0460456c574493e35326b704b&CANGZIP=Y&CLIENT_PHPVER=7.1.28-1%2Bubuntu16.04.1%2Bdeb.sury.org%2B3&stable=Y&NGINX=Y&rerere=Y&bitm_main=18.1.3&bitm_bitrixcloud=18.5.0&bitm_security=18.5.0&bitm_compression=16.0.0&bitm_rest=18.5.2&bitm_photogallery=18.0.0&bitm_form=18.0.0&bitm_highloadblock=18.5.0&bitm_subscribe=17.5.0&bitm_landing=18.4.31&bitm_ui=18.0.1&bitm_perfmon=18.5.0&bitm_forum=18.0.3&bitm_seo=18.5.0&bitm_im=18.1.5&bitm_b24connector=18.0.0&bitm_calendar=18.0.0&bitm_translate=16.5.0&bitm_clouds=18.0.0&bitm_mobileapp=18.0.2&bitm_fileman=18.0.4&bitm_search=18.5.0&bitm_socialservices=18.0.3&bitm_vote=17.5.1&bitm_iblock=18.5.4&bitm_scale=17.5.0&bitl_en=&bitl_ru=&bitl_de=20140526&bitl_ch=&SUPD_SRS=RU&SUPD_CMP=N&SALE_15=Y&LICENSE_SIGNED=%7Enew_license18_0_sign-Y
2019-09-26 17:43:23 -  - exec CUpdateClient::GetHTTPPage
2019-09-26 17:43:24 -  - TIME GetUpdatesList(request) 0.352 sec
2019-09-26 17:43:24 -  - exec CUpdateClient::ParseServerData
2019-10-04 16:03:07 -  - exec CUpdateClient::GetUpdatesList
2019-10-04 16:03:07 -  - exec CUpdateClient::CollectRequestData
2019-10-04 16:03:07 -  - LICENSE_KEY=X&lang=s1&SUPD_VER=18.1.3&VERSION=18.1.3&TYPENC=F&SUPD_STS=3&SUPD_URS=0&SUPD_DBS=MYSQL&XE=N&CLIENT_SITE=www.spbsez.ru&CHHB=www.spbsez.ru&CSAB=127.0.0.1&SUID=df2485f0460456c574493e35326b704b&CANGZIP=Y&CLIENT_PHPVER=7.1.28-1%2Bubuntu16.04.1%2Bdeb.sury.org%2B3&stable=Y&NGINX=Y&rerere=Y&bitm_main=18.1.3&bitm_bitrixcloud=18.5.0&bitm_security=18.5.0&bitm_compression=16.0.0&bitm_rest=18.5.2&bitm_photogallery=18.0.0&bitm_form=18.0.0&bitm_highloadblock=18.5.0&bitm_subscribe=17.5.0&bitm_landing=18.4.31&bitm_ui=18.0.1&bitm_perfmon=18.5.0&bitm_forum=18.0.3&bitm_seo=18.5.0&bitm_im=18.1.5&bitm_b24connector=18.0.0&bitm_calendar=18.0.0&bitm_translate=16.5.0&bitm_clouds=18.0.0&bitm_mobileapp=18.0.2&bitm_fileman=18.0.4&bitm_search=18.5.0&bitm_socialservices=18.0.3&bitm_vote=17.5.1&bitm_iblock=18.5.4&bitm_scale=17.5.0&bitl_en=&bitl_ru=&bitl_de=20140526&bitl_ch=&SUPD_SRS=RU&SUPD_CMP=N&SALE_15=Y&LICENSE_SIGNED=%7Enew_license18_0_sign-Y
2019-10-04 16:03:07 -  - exec CUpdateClient::GetHTTPPage
2019-10-04 16:03:08 -  - TIME GetUpdatesList(request) 0.258 sec
2019-10-04 16:03:08 -  - exec CUpdateClient::ParseServerData
2019-10-14 14:20:46 -  - exec CUpdateClient::GetUpdatesList
2019-10-14 14:20:46 -  - exec CUpdateClient::CollectRequestData
2019-10-14 14:20:46 -  - LICENSE_KEY=X&lang=ru&SUPD_VER=18.1.3&VERSION=18.1.3&TYPENC=F&SUPD_STS=3&SUPD_URS=0&SUPD_DBS=MYSQL&XE=N&CLIENT_SITE=www.spbsez.ru&CHHB=www.spbsez.ru&CSAB=127.0.0.1&SUID=df2485f0460456c574493e35326b704b&CANGZIP=Y&CLIENT_PHPVER=7.1.28-1%2Bubuntu16.04.1%2Bdeb.sury.org%2B3&stable=Y&NGINX=Y&rerere=Y&bitm_main=18.1.3&bitm_bitrixcloud=18.5.0&bitm_security=18.5.0&bitm_compression=16.0.0&bitm_rest=18.5.2&bitm_photogallery=18.0.0&bitm_form=18.0.0&bitm_highloadblock=18.5.0&bitm_subscribe=17.5.0&bitm_landing=18.4.31&bitm_ui=18.0.1&bitm_perfmon=18.5.0&bitm_forum=18.0.3&bitm_seo=18.5.0&bitm_im=18.1.5&bitm_b24connector=18.0.0&bitm_calendar=18.0.0&bitm_translate=16.5.0&bitm_clouds=18.0.0&bitm_mobileapp=18.0.2&bitm_fileman=18.0.4&bitm_search=18.5.0&bitm_socialservices=18.0.3&bitm_vote=17.5.1&bitm_iblock=18.5.4&bitm_scale=17.5.0&bitl_en=&bitl_ru=&bitl_de=20140526&bitl_ch=&SUPD_SRS=RU&SUPD_CMP=N&SALE_15=Y&LICENSE_SIGNED=%7Enew_license18_0_sign-Y
2019-10-14 14:20:46 -  - exec CUpdateClient::GetHTTPPage
2019-10-14 14:20:46 -  - TIME GetUpdatesList(request) 0.254 sec
2019-10-14 14:20:46 -  - exec CUpdateClient::ParseServerData
2019-10-23 14:58:46 -  - exec CUpdateClient::GetUpdatesList
2019-10-23 14:58:46 -  - exec CUpdateClient::CollectRequestData
2019-10-23 14:58:46 -  - LICENSE_KEY=X&lang=ru&SUPD_VER=18.1.3&VERSION=18.1.3&TYPENC=F&SUPD_STS=3&SUPD_URS=0&SUPD_DBS=MYSQL&XE=N&CLIENT_SITE=www.spbsez.ru&CHHB=www.spbsez.ru&CSAB=127.0.0.1&SUID=df2485f0460456c574493e35326b704b&CANGZIP=Y&CLIENT_PHPVER=7.1.28-1%2Bubuntu16.04.1%2Bdeb.sury.org%2B3&stable=Y&NGINX=Y&rerere=Y&bitm_main=18.1.3&bitm_bitrixcloud=18.5.0&bitm_security=18.5.0&bitm_compression=16.0.0&bitm_rest=18.5.2&bitm_photogallery=18.0.0&bitm_form=18.0.0&bitm_highloadblock=18.5.0&bitm_subscribe=17.5.0&bitm_landing=18.4.31&bitm_ui=18.0.1&bitm_perfmon=18.5.0&bitm_forum=18.0.3&bitm_seo=18.5.0&bitm_im=18.1.5&bitm_b24connector=18.0.0&bitm_calendar=18.0.0&bitm_translate=16.5.0&bitm_clouds=18.0.0&bitm_mobileapp=18.0.2&bitm_fileman=18.0.4&bitm_search=18.5.0&bitm_socialservices=18.0.3&bitm_vote=17.5.1&bitm_iblock=18.5.4&bitm_scale=17.5.0&bitl_en=&bitl_ru=&bitl_de=20140526&bitl_ch=&SUPD_SRS=RU&SUPD_CMP=N&SALE_15=Y&LICENSE_SIGNED=%7Enew_license18_0_sign-Y
2019-10-23 14:58:46 -  - exec CUpdateClient::GetHTTPPage
2019-10-23 14:58:46 -  - TIME GetUpdatesList(request) 0.246 sec
2019-10-23 14:58:46 -  - exec CUpdateClient::ParseServerData
2019-10-31 12:36:26 -  - exec CUpdateClient::GetUpdatesList
2019-10-31 12:36:26 -  - exec CUpdateClient::CollectRequestData
2019-10-31 12:36:26 -  - LICENSE_KEY=X&lang=ru&SUPD_VER=18.1.3&VERSION=18.1.3&TYPENC=F&SUPD_STS=3&SUPD_URS=0&SUPD_DBS=MYSQL&XE=N&CLIENT_SITE=www.spbsez.ru&CHHB=www.spbsez.ru&CSAB=127.0.0.1&SUID=df2485f0460456c574493e35326b704b&CANGZIP=Y&CLIENT_PHPVER=7.1.28-1%2Bubuntu16.04.1%2Bdeb.sury.org%2B3&stable=Y&NGINX=Y&rerere=Y&bitm_main=18.1.3&bitm_bitrixcloud=18.5.0&bitm_security=18.5.0&bitm_compression=16.0.0&bitm_rest=18.5.2&bitm_photogallery=18.0.0&bitm_form=18.0.0&bitm_highloadblock=18.5.0&bitm_subscribe=17.5.0&bitm_landing=18.4.31&bitm_ui=18.0.1&bitm_perfmon=18.5.0&bitm_forum=18.0.3&bitm_seo=18.5.0&bitm_im=18.1.5&bitm_b24connector=18.0.0&bitm_calendar=18.0.0&bitm_translate=16.5.0&bitm_clouds=18.0.0&bitm_mobileapp=18.0.2&bitm_fileman=18.0.4&bitm_search=18.5.0&bitm_socialservices=18.0.3&bitm_vote=17.5.1&bitm_iblock=18.5.4&bitm_scale=17.5.0&bitl_en=&bitl_ru=&bitl_de=20140526&bitl_ch=&SUPD_SRS=RU&SUPD_CMP=N&SALE_15=Y&LICENSE_SIGNED=%7Enew_license18_0_sign-Y
2019-10-31 12:36:26 -  - exec CUpdateClient::GetHTTPPage
2019-10-31 12:36:26 -  - TIME GetUpdatesList(request) 0.24 sec
2019-10-31 12:36:26 -  - exec CUpdateClient::ParseServerData
2019-11-28 11:26:33 -  - exec CUpdateClient::GetUpdatesList
2019-11-28 11:26:33 -  - exec CUpdateClient::CollectRequestData
2019-11-28 11:26:33 -  - LICENSE_KEY=X&lang=ru&SUPD_VER=18.1.3&VERSION=18.1.3&TYPENC=F&SUPD_STS=3&SUPD_URS=0&SUPD_DBS=MYSQL&XE=N&CLIENT_SITE=www.spbsez.ru&CHHB=www.spbsez.ru&CSAB=127.0.0.1&SUID=df2485f0460456c574493e35326b704b&CANGZIP=Y&CLIENT_PHPVER=7.1.28-1%2Bubuntu16.04.1%2Bdeb.sury.org%2B3&stable=Y&NGINX=Y&rerere=Y&bitm_main=18.1.3&bitm_bitrixcloud=18.5.0&bitm_security=18.5.0&bitm_compression=16.0.0&bitm_rest=18.5.2&bitm_photogallery=18.0.0&bitm_form=18.0.0&bitm_highloadblock=18.5.0&bitm_subscribe=17.5.0&bitm_landing=18.4.31&bitm_ui=18.0.1&bitm_perfmon=18.5.0&bitm_forum=18.0.3&bitm_seo=18.5.0&bitm_im=18.1.5&bitm_b24connector=18.0.0&bitm_calendar=18.0.0&bitm_translate=16.5.0&bitm_clouds=18.0.0&bitm_mobileapp=18.0.2&bitm_fileman=18.0.4&bitm_search=18.5.0&bitm_socialservices=18.0.3&bitm_vote=17.5.1&bitm_iblock=18.5.4&bitm_scale=17.5.0&bitl_en=&bitl_ru=&bitl_de=20140526&bitl_ch=&SUPD_SRS=RU&SUPD_CMP=N&SALE_15=Y&LICENSE_SIGNED=%7Enew_license18_0_sign-Y
2019-11-28 11:26:33 -  - exec CUpdateClient::GetHTTPPage
2019-11-28 11:26:34 -  - TIME GetUpdatesList(request) 0.227 sec
2019-11-28 11:26:34 -  - exec CUpdateClient::ParseServerData
2019-12-27 12:17:25 -  - exec CUpdateClient::GetUpdatesList
2019-12-27 12:17:25 -  - exec CUpdateClient::CollectRequestData
2019-12-27 12:17:25 -  - LICENSE_KEY=X&lang=ru&SUPD_VER=18.1.3&VERSION=18.1.3&TYPENC=F&SUPD_STS=3&SUPD_URS=0&SUPD_DBS=MYSQL&XE=N&CLIENT_SITE=www.spbsez.ru&CHHB=www.spbsez.ru&CSAB=127.0.0.1&SUID=df2485f0460456c574493e35326b704b&CANGZIP=Y&CLIENT_PHPVER=7.1.28-1%2Bubuntu16.04.1%2Bdeb.sury.org%2B3&stable=Y&NGINX=Y&rerere=Y&bitm_main=18.1.3&bitm_bitrixcloud=18.5.0&bitm_security=18.5.0&bitm_compression=16.0.0&bitm_rest=18.5.2&bitm_photogallery=18.0.0&bitm_form=18.0.0&bitm_highloadblock=18.5.0&bitm_subscribe=17.5.0&bitm_landing=18.4.31&bitm_ui=18.0.1&bitm_perfmon=18.5.0&bitm_forum=18.0.3&bitm_seo=18.5.0&bitm_im=18.1.5&bitm_b24connector=18.0.0&bitm_calendar=18.0.0&bitm_translate=16.5.0&bitm_clouds=18.0.0&bitm_mobileapp=18.0.2&bitm_fileman=18.0.4&bitm_search=18.5.0&bitm_socialservices=18.0.3&bitm_vote=17.5.1&bitm_iblock=18.5.4&bitm_scale=17.5.0&bitl_en=&bitl_ru=&bitl_de=20140526&bitl_ch=&SUPD_SRS=RU&SUPD_CMP=N&SALE_15=Y&LICENSE_SIGNED=%7Enew_license18_0_sign-Y
2019-12-27 12:17:25 -  - exec CUpdateClient::GetHTTPPage
2019-12-27 12:17:25 -  - TIME GetUpdatesList(request) 0.261 sec
2019-12-27 12:17:25 -  - exec CUpdateClient::ParseServerData
2020-01-09 10:59:17 -  - exec CUpdateClient::GetUpdatesList
2020-01-09 10:59:17 -  - exec CUpdateClient::CollectRequestData
2020-01-09 10:59:17 -  - LICENSE_KEY=X&lang=ru&SUPD_VER=18.1.3&VERSION=18.1.3&TYPENC=F&SUPD_STS=3&SUPD_URS=0&SUPD_DBS=MYSQL&XE=N&CLIENT_SITE=www.spbsez.ru&CHHB=www.spbsez.ru&CSAB=127.0.0.1&SUID=df2485f0460456c574493e35326b704b&CANGZIP=Y&CLIENT_PHPVER=7.1.28-1%2Bubuntu16.04.1%2Bdeb.sury.org%2B3&stable=Y&NGINX=Y&rerere=Y&bitm_main=18.1.3&bitm_bitrixcloud=18.5.0&bitm_security=18.5.0&bitm_compression=16.0.0&bitm_rest=18.5.2&bitm_photogallery=18.0.0&bitm_form=18.0.0&bitm_highloadblock=18.5.0&bitm_subscribe=17.5.0&bitm_landing=18.4.31&bitm_ui=18.0.1&bitm_perfmon=18.5.0&bitm_forum=18.0.3&bitm_seo=18.5.0&bitm_im=18.1.5&bitm_b24connector=18.0.0&bitm_calendar=18.0.0&bitm_translate=16.5.0&bitm_clouds=18.0.0&bitm_mobileapp=18.0.2&bitm_fileman=18.0.4&bitm_search=18.5.0&bitm_socialservices=18.0.3&bitm_vote=17.5.1&bitm_iblock=18.5.4&bitm_scale=17.5.0&bitl_en=&bitl_ru=&bitl_de=20140526&bitl_ch=&SUPD_SRS=RU&SUPD_CMP=N&SALE_15=Y&LICENSE_SIGNED=%7Enew_license18_0_sign-Y
2020-01-09 10:59:17 -  - exec CUpdateClient::GetHTTPPage
2020-01-09 10:59:18 -  - TIME GetUpdatesList(request) 0.337 sec
2020-01-09 10:59:18 -  - exec CUpdateClient::ParseServerData
2020-01-17 14:37:34 -  - exec CUpdateClient::GetUpdatesList
2020-01-17 14:37:34 -  - exec CUpdateClient::CollectRequestData
2020-01-17 14:37:34 -  - LICENSE_KEY=X&lang=ru&SUPD_VER=18.1.3&VERSION=18.1.3&TYPENC=F&SUPD_STS=3&SUPD_URS=0&SUPD_DBS=MYSQL&XE=N&CLIENT_SITE=www.spbsez.ru&CHHB=www.spbsez.ru&CSAB=127.0.0.1&SUID=df2485f0460456c574493e35326b704b&CANGZIP=Y&CLIENT_PHPVER=7.1.28-1%2Bubuntu16.04.1%2Bdeb.sury.org%2B3&stable=Y&NGINX=Y&rerere=Y&bitm_main=18.1.3&bitm_bitrixcloud=18.5.0&bitm_security=18.5.0&bitm_compression=16.0.0&bitm_rest=18.5.2&bitm_photogallery=18.0.0&bitm_form=18.0.0&bitm_highloadblock=18.5.0&bitm_subscribe=17.5.0&bitm_landing=18.4.31&bitm_ui=18.0.1&bitm_perfmon=18.5.0&bitm_forum=18.0.3&bitm_seo=18.5.0&bitm_im=18.1.5&bitm_b24connector=18.0.0&bitm_calendar=18.0.0&bitm_translate=16.5.0&bitm_clouds=18.0.0&bitm_mobileapp=18.0.2&bitm_fileman=18.0.4&bitm_search=18.5.0&bitm_socialservices=18.0.3&bitm_vote=17.5.1&bitm_iblock=18.5.4&bitm_scale=17.5.0&bitl_en=&bitl_ru=&bitl_de=20140526&bitl_ch=&SUPD_SRS=RU&SUPD_CMP=N&SALE_15=Y&LICENSE_SIGNED=%7Enew_license18_0_sign-Y
2020-01-17 14:37:34 -  - exec CUpdateClient::GetHTTPPage
2020-01-17 14:37:34 -  - TIME GetUpdatesList(request) 0.343 sec
2020-01-17 14:37:34 -  - exec CUpdateClient::ParseServerData
2020-01-29 16:15:24 -  - exec CUpdateClient::GetUpdatesList
2020-01-29 16:15:24 -  - exec CUpdateClient::CollectRequestData
2020-01-29 16:15:24 -  - LICENSE_KEY=X&lang=ru&SUPD_VER=18.1.3&VERSION=18.1.3&TYPENC=F&SUPD_STS=3&SUPD_URS=0&SUPD_DBS=MYSQL&XE=N&CLIENT_SITE=www.spbsez.ru&CHHB=www.spbsez.ru&CSAB=127.0.0.1&SUID=df2485f0460456c574493e35326b704b&CANGZIP=Y&CLIENT_PHPVER=7.1.28-1%2Bubuntu16.04.1%2Bdeb.sury.org%2B3&stable=Y&NGINX=Y&rerere=Y&bitm_main=18.1.3&bitm_bitrixcloud=18.5.0&bitm_security=18.5.0&bitm_compression=16.0.0&bitm_rest=18.5.2&bitm_photogallery=18.0.0&bitm_form=18.0.0&bitm_highloadblock=18.5.0&bitm_subscribe=17.5.0&bitm_landing=18.4.31&bitm_ui=18.0.1&bitm_perfmon=18.5.0&bitm_forum=18.0.3&bitm_seo=18.5.0&bitm_im=18.1.5&bitm_b24connector=18.0.0&bitm_calendar=18.0.0&bitm_translate=16.5.0&bitm_clouds=18.0.0&bitm_mobileapp=18.0.2&bitm_fileman=18.0.4&bitm_search=18.5.0&bitm_socialservices=18.0.3&bitm_vote=17.5.1&bitm_iblock=18.5.4&bitm_scale=17.5.0&bitl_en=&bitl_ru=&bitl_de=20140526&bitl_ch=&SUPD_SRS=RU&SUPD_CMP=N&SALE_15=Y&LICENSE_SIGNED=%7Enew_license18_0_sign-Y
2020-01-29 16:15:24 -  - exec CUpdateClient::GetHTTPPage
2020-01-29 16:15:25 -  - TIME GetUpdatesList(request) 0.252 sec
2020-01-29 16:15:25 -  - exec CUpdateClient::ParseServerData
2020-02-18 15:09:57 -  - exec CUpdateClient::GetUpdatesList
2020-02-18 15:09:57 -  - exec CUpdateClient::CollectRequestData
2020-02-18 15:09:57 -  - LICENSE_KEY=X&lang=ru&SUPD_VER=18.1.3&VERSION=18.1.3&TYPENC=F&SUPD_STS=3&SUPD_URS=0&SUPD_DBS=MYSQL&XE=N&CLIENT_SITE=www.spbsez.ru&CHHB=www.spbsez.ru&CSAB=127.0.0.1&SUID=df2485f0460456c574493e35326b704b&CANGZIP=Y&CLIENT_PHPVER=7.1.28-1%2Bubuntu16.04.1%2Bdeb.sury.org%2B3&stable=Y&NGINX=Y&rerere=Y&bitm_main=18.1.3&bitm_bitrixcloud=18.5.0&bitm_security=18.5.0&bitm_compression=16.0.0&bitm_rest=18.5.2&bitm_photogallery=18.0.0&bitm_form=18.0.0&bitm_highloadblock=18.5.0&bitm_subscribe=17.5.0&bitm_landing=18.4.31&bitm_ui=18.0.1&bitm_perfmon=18.5.0&bitm_forum=18.0.3&bitm_seo=18.5.0&bitm_im=18.1.5&bitm_b24connector=18.0.0&bitm_calendar=18.0.0&bitm_translate=16.5.0&bitm_clouds=18.0.0&bitm_mobileapp=18.0.2&bitm_fileman=18.0.4&bitm_search=18.5.0&bitm_socialservices=18.0.3&bitm_vote=17.5.1&bitm_iblock=18.5.4&bitm_scale=17.5.0&bitl_en=&bitl_ru=&bitl_de=20140526&bitl_ch=&SUPD_SRS=RU&SUPD_CMP=N&SALE_15=Y&LICENSE_SIGNED=%7Enew_license18_0_sign-Y
2020-02-18 15:09:57 -  - exec CUpdateClient::GetHTTPPage
2020-02-18 15:09:57 -  - TIME GetUpdatesList(request) 0.261 sec
2020-02-18 15:09:57 -  - exec CUpdateClient::ParseServerData
2020-02-26 10:10:50 -  - exec CUpdateClient::GetUpdatesList
2020-02-26 10:10:50 -  - exec CUpdateClient::CollectRequestData
2020-02-26 10:10:50 -  - LICENSE_KEY=X&lang=ru&SUPD_VER=18.1.3&VERSION=18.1.3&TYPENC=F&SUPD_STS=3&SUPD_URS=0&SUPD_DBS=MYSQL&XE=N&CLIENT_SITE=www.spbsez.ru&CHHB=www.spbsez.ru&CSAB=127.0.0.1&SUID=df2485f0460456c574493e35326b704b&CANGZIP=Y&CLIENT_PHPVER=7.1.28-1%2Bubuntu16.04.1%2Bdeb.sury.org%2B3&stable=Y&NGINX=Y&rerere=Y&bitm_main=18.1.3&bitm_bitrixcloud=18.5.0&bitm_security=18.5.0&bitm_compression=16.0.0&bitm_rest=18.5.2&bitm_photogallery=18.0.0&bitm_form=18.0.0&bitm_highloadblock=18.5.0&bitm_subscribe=17.5.0&bitm_landing=18.4.31&bitm_ui=18.0.1&bitm_perfmon=18.5.0&bitm_forum=18.0.3&bitm_seo=18.5.0&bitm_im=18.1.5&bitm_b24connector=18.0.0&bitm_calendar=18.0.0&bitm_translate=16.5.0&bitm_clouds=18.0.0&bitm_mobileapp=18.0.2&bitm_fileman=18.0.4&bitm_search=18.5.0&bitm_socialservices=18.0.3&bitm_vote=17.5.1&bitm_iblock=18.5.4&bitm_scale=17.5.0&bitl_en=&bitl_ru=&bitl_de=20140526&bitl_ch=&SUPD_SRS=RU&SUPD_CMP=N&SALE_15=Y&LICENSE_SIGNED=%7Enew_license18_0_sign-Y
2020-02-26 10:10:50 -  - exec CUpdateClient::GetHTTPPage
2020-02-26 10:10:51 -  - TIME GetUpdatesList(request) 0.264 sec
2020-02-26 10:10:51 -  - exec CUpdateClient::ParseServerData
2020-03-04 10:12:28 -  - exec CUpdateClient::GetUpdatesList
2020-03-04 10:12:28 -  - exec CUpdateClient::CollectRequestData
2020-03-04 10:12:28 -  - LICENSE_KEY=X&lang=ru&SUPD_VER=18.1.3&VERSION=18.1.3&TYPENC=F&SUPD_STS=3&SUPD_URS=0&SUPD_DBS=MYSQL&XE=N&CLIENT_SITE=www.spbsez.ru&CHHB=www.spbsez.ru&CSAB=127.0.0.1&SUID=df2485f0460456c574493e35326b704b&CANGZIP=Y&CLIENT_PHPVER=7.1.28-1%2Bubuntu16.04.1%2Bdeb.sury.org%2B3&stable=Y&NGINX=Y&rerere=Y&bitm_main=18.1.3&bitm_bitrixcloud=18.5.0&bitm_security=18.5.0&bitm_compression=16.0.0&bitm_rest=18.5.2&bitm_photogallery=18.0.0&bitm_form=18.0.0&bitm_highloadblock=18.5.0&bitm_subscribe=17.5.0&bitm_landing=18.4.31&bitm_ui=18.0.1&bitm_perfmon=18.5.0&bitm_forum=18.0.3&bitm_seo=18.5.0&bitm_im=18.1.5&bitm_b24connector=18.0.0&bitm_calendar=18.0.0&bitm_translate=16.5.0&bitm_clouds=18.0.0&bitm_mobileapp=18.0.2&bitm_fileman=18.0.4&bitm_search=18.5.0&bitm_socialservices=18.0.3&bitm_vote=17.5.1&bitm_iblock=18.5.4&bitm_scale=17.5.0&bitl_en=&bitl_ru=&bitl_de=20140526&bitl_ch=&SUPD_SRS=RU&SUPD_CMP=N&SALE_15=Y&LICENSE_SIGNED=%7Enew_license18_0_sign-Y
2020-03-04 10:12:28 -  - exec CUpdateClient::GetHTTPPage
2020-03-04 10:12:28 -  - TIME GetUpdatesList(request) 0.258 sec
2020-03-04 10:12:28 -  - exec CUpdateClient::ParseServerData
2020-03-13 15:22:57 -  - exec CUpdateClient::GetUpdatesList
2020-03-13 15:22:57 -  - exec CUpdateClient::CollectRequestData
2020-03-13 15:22:57 -  - LICENSE_KEY=X&lang=ru&SUPD_VER=18.1.3&VERSION=18.1.3&TYPENC=F&SUPD_STS=3&SUPD_URS=0&SUPD_DBS=MYSQL&XE=N&CLIENT_SITE=www.spbsez.ru&CHHB=www.spbsez.ru&CSAB=127.0.0.1&SUID=df2485f0460456c574493e35326b704b&CANGZIP=Y&CLIENT_PHPVER=7.1.28-1%2Bubuntu16.04.1%2Bdeb.sury.org%2B3&stable=Y&NGINX=Y&rerere=Y&bitm_main=18.1.3&bitm_bitrixcloud=18.5.0&bitm_security=18.5.0&bitm_compression=16.0.0&bitm_rest=18.5.2&bitm_photogallery=18.0.0&bitm_form=18.0.0&bitm_highloadblock=18.5.0&bitm_subscribe=17.5.0&bitm_landing=18.4.31&bitm_ui=18.0.1&bitm_perfmon=18.5.0&bitm_forum=18.0.3&bitm_seo=18.5.0&bitm_im=18.1.5&bitm_b24connector=18.0.0&bitm_calendar=18.0.0&bitm_translate=16.5.0&bitm_clouds=18.0.0&bitm_mobileapp=18.0.2&bitm_fileman=18.0.4&bitm_search=18.5.0&bitm_socialservices=18.0.3&bitm_vote=17.5.1&bitm_iblock=18.5.4&bitm_scale=17.5.0&bitl_en=&bitl_ru=&bitl_de=20140526&bitl_ch=&SUPD_SRS=RU&SUPD_CMP=N&SALE_15=Y&LICENSE_SIGNED=%7Enew_license18_0_sign-Y
2020-03-13 15:22:57 -  - exec CUpdateClient::GetHTTPPage
2020-03-13 15:22:57 -  - TIME GetUpdatesList(request) 0.245 sec
2020-03-13 15:22:57 -  - exec CUpdateClient::ParseServerData
2020-03-26 15:46:37 -  - exec CUpdateClient::GetUpdatesList
2020-03-26 15:46:37 -  - exec CUpdateClient::CollectRequestData
2020-03-26 15:46:37 -  - LICENSE_KEY=X&lang=ru&SUPD_VER=18.1.3&VERSION=18.1.3&TYPENC=F&SUPD_STS=3&SUPD_URS=0&SUPD_DBS=MYSQL&XE=N&CLIENT_SITE=www.spbsez.ru&CHHB=www.spbsez.ru&CSAB=127.0.0.1&SUID=df2485f0460456c574493e35326b704b&CANGZIP=Y&CLIENT_PHPVER=7.1.28-1%2Bubuntu16.04.1%2Bdeb.sury.org%2B3&stable=Y&NGINX=Y&rerere=Y&bitm_main=18.1.3&bitm_bitrixcloud=18.5.0&bitm_security=18.5.0&bitm_compression=16.0.0&bitm_rest=18.5.2&bitm_photogallery=18.0.0&bitm_form=18.0.0&bitm_highloadblock=18.5.0&bitm_subscribe=17.5.0&bitm_landing=18.4.31&bitm_ui=18.0.1&bitm_perfmon=18.5.0&bitm_forum=18.0.3&bitm_seo=18.5.0&bitm_im=18.1.5&bitm_b24connector=18.0.0&bitm_calendar=18.0.0&bitm_translate=16.5.0&bitm_clouds=18.0.0&bitm_mobileapp=18.0.2&bitm_fileman=18.0.4&bitm_search=18.5.0&bitm_socialservices=18.0.3&bitm_vote=17.5.1&bitm_iblock=18.5.4&bitm_scale=17.5.0&bitl_en=&bitl_ru=&bitl_de=20140526&bitl_ch=&SUPD_SRS=RU&SUPD_CMP=N&SALE_15=Y&LICENSE_SIGNED=%7Enew_license18_0_sign-Y
2020-03-26 15:46:37 -  - exec CUpdateClient::GetHTTPPage
2020-03-26 15:46:37 -  - TIME GetUpdatesList(request) 0.257 sec
2020-03-26 15:46:37 -  - exec CUpdateClient::ParseServerData
2020-04-06 13:36:59 -  - exec CUpdateClient::GetUpdatesList
2020-04-06 13:36:59 -  - exec CUpdateClient::CollectRequestData
2020-04-06 13:36:59 -  - LICENSE_KEY=X&lang=ru&SUPD_VER=18.1.3&VERSION=18.1.3&TYPENC=F&SUPD_STS=3&SUPD_URS=0&SUPD_DBS=MYSQL&XE=N&CLIENT_SITE=www.spbsez.ru&CHHB=www.spbsez.ru&CSAB=127.0.0.1&SUID=df2485f0460456c574493e35326b704b&CANGZIP=Y&CLIENT_PHPVER=7.1.28-1%2Bubuntu16.04.1%2Bdeb.sury.org%2B3&stable=Y&NGINX=Y&rerere=Y&bitm_main=18.1.3&bitm_bitrixcloud=18.5.0&bitm_security=18.5.0&bitm_compression=16.0.0&bitm_rest=18.5.2&bitm_photogallery=18.0.0&bitm_form=18.0.0&bitm_highloadblock=18.5.0&bitm_subscribe=17.5.0&bitm_landing=18.4.31&bitm_ui=18.0.1&bitm_perfmon=18.5.0&bitm_forum=18.0.3&bitm_seo=18.5.0&bitm_im=18.1.5&bitm_b24connector=18.0.0&bitm_calendar=18.0.0&bitm_translate=16.5.0&bitm_clouds=18.0.0&bitm_mobileapp=18.0.2&bitm_fileman=18.0.4&bitm_search=18.5.0&bitm_socialservices=18.0.3&bitm_vote=17.5.1&bitm_iblock=18.5.4&bitm_scale=17.5.0&bitl_en=&bitl_ru=&bitl_de=20140526&bitl_ch=&SUPD_SRS=RU&SUPD_CMP=N&SALE_15=Y&LICENSE_SIGNED=%7Enew_license18_0_sign-Y
2020-04-06 13:36:59 -  - exec CUpdateClient::GetHTTPPage
2020-04-06 13:36:59 -  - TIME GetUpdatesList(request) 0.251 sec
2020-04-06 13:36:59 -  - exec CUpdateClient::ParseServerData
2020-04-06 14:21:52 -  - exec CUpdateClient::GetUpdatesList
2020-04-06 14:21:52 -  - exec CUpdateClient::CollectRequestData
2020-04-06 14:21:52 -  - LICENSE_KEY=X&lang=ru&SUPD_VER=18.1.3&VERSION=18.1.3&TYPENC=F&SUPD_STS=3&SUPD_URS=0&SUPD_DBS=MYSQL&XE=N&CLIENT_SITE=www.spbsez.ru&CHHB=www.spbsez.ru&CSAB=127.0.0.1&SUID=df2485f0460456c574493e35326b704b&CANGZIP=Y&CLIENT_PHPVER=7.1.28-1%2Bubuntu16.04.1%2Bdeb.sury.org%2B3&stable=Y&NGINX=Y&rerere=Y&bitm_main=18.1.3&bitm_bitrixcloud=18.5.0&bitm_security=18.5.0&bitm_compression=16.0.0&bitm_rest=18.5.2&bitm_photogallery=18.0.0&bitm_form=18.0.0&bitm_highloadblock=18.5.0&bitm_subscribe=17.5.0&bitm_landing=18.4.31&bitm_ui=18.0.1&bitm_perfmon=18.5.0&bitm_forum=18.0.3&bitm_seo=18.5.0&bitm_im=18.1.5&bitm_b24connector=18.0.0&bitm_calendar=18.0.0&bitm_translate=16.5.0&bitm_clouds=18.0.0&bitm_mobileapp=18.0.2&bitm_fileman=18.0.4&bitm_search=18.5.0&bitm_socialservices=18.0.3&bitm_vote=17.5.1&bitm_iblock=18.5.4&bitm_scale=17.5.0&bitl_en=&bitl_ru=&bitl_de=20140526&bitl_ch=&SUPD_SRS=RU&SUPD_CMP=N&SALE_15=Y&LICENSE_SIGNED=%7Enew_license18_0_sign-Y
2020-04-06 14:21:52 -  - exec CUpdateClient::GetHTTPPage
2020-04-06 14:21:52 -  - TIME GetUpdatesList(request) 0.346 sec
2020-04-06 14:21:52 -  - exec CUpdateClient::ParseServerData
2020-04-30 16:48:21 -  - exec CUpdateClient::GetUpdatesList
2020-04-30 16:48:21 -  - exec CUpdateClient::CollectRequestData
2020-04-30 16:48:21 -  - LICENSE_KEY=X&lang=ru&SUPD_VER=18.1.3&VERSION=18.1.3&TYPENC=F&SUPD_STS=3&SUPD_URS=0&SUPD_DBS=MYSQL&XE=N&CLIENT_SITE=www.spbsez.ru&CHHB=www.spbsez.ru&CSAB=127.0.0.1&SUID=df2485f0460456c574493e35326b704b&CANGZIP=Y&CLIENT_PHPVER=7.1.28-1%2Bubuntu16.04.1%2Bdeb.sury.org%2B3&stable=Y&NGINX=Y&rerere=Y&bitm_main=18.1.3&bitm_bitrixcloud=18.5.0&bitm_security=18.5.0&bitm_compression=16.0.0&bitm_rest=18.5.2&bitm_photogallery=18.0.0&bitm_form=18.0.0&bitm_highloadblock=18.5.0&bitm_subscribe=17.5.0&bitm_landing=18.4.31&bitm_ui=18.0.1&bitm_perfmon=18.5.0&bitm_forum=18.0.3&bitm_seo=18.5.0&bitm_im=18.1.5&bitm_b24connector=18.0.0&bitm_calendar=18.0.0&bitm_translate=16.5.0&bitm_clouds=18.0.0&bitm_mobileapp=18.0.2&bitm_fileman=18.0.4&bitm_search=18.5.0&bitm_socialservices=18.0.3&bitm_vote=17.5.1&bitm_iblock=18.5.4&bitm_scale=17.5.0&bitl_en=&bitl_ru=&bitl_de=20140526&bitl_ch=&SUPD_SRS=RU&SUPD_CMP=N&SALE_15=Y&LICENSE_SIGNED=%7Enew_license18_0_sign-Y
2020-04-30 16:48:21 -  - exec CUpdateClient::GetHTTPPage
2020-04-30 16:48:22 -  - TIME GetUpdatesList(request) 0.253 sec
2020-04-30 16:48:22 -  - exec CUpdateClient::ParseServerData
2020-05-13 16:29:02 -  - exec CUpdateClient::GetUpdatesList
2020-05-13 16:29:02 -  - exec CUpdateClient::CollectRequestData
2020-05-13 16:29:02 -  - LICENSE_KEY=X&lang=ru&SUPD_VER=18.1.3&VERSION=18.1.3&TYPENC=F&SUPD_STS=3&SUPD_URS=0&SUPD_DBS=MYSQL&XE=N&CLIENT_SITE=www.spbsez.ru&CHHB=www.spbsez.ru&CSAB=127.0.0.1&SUID=df2485f0460456c574493e35326b704b&CANGZIP=Y&CLIENT_PHPVER=7.1.28-1%2Bubuntu16.04.1%2Bdeb.sury.org%2B3&stable=Y&NGINX=Y&rerere=Y&bitm_main=18.1.3&bitm_bitrixcloud=18.5.0&bitm_security=18.5.0&bitm_compression=16.0.0&bitm_rest=18.5.2&bitm_photogallery=18.0.0&bitm_form=18.0.0&bitm_highloadblock=18.5.0&bitm_subscribe=17.5.0&bitm_landing=18.4.31&bitm_ui=18.0.1&bitm_perfmon=18.5.0&bitm_forum=18.0.3&bitm_seo=18.5.0&bitm_im=18.1.5&bitm_b24connector=18.0.0&bitm_calendar=18.0.0&bitm_translate=16.5.0&bitm_clouds=18.0.0&bitm_mobileapp=18.0.2&bitm_fileman=18.0.4&bitm_search=18.5.0&bitm_socialservices=18.0.3&bitm_vote=17.5.1&bitm_iblock=18.5.4&bitm_scale=17.5.0&bitl_en=&bitl_ru=&bitl_de=20140526&bitl_ch=&SUPD_SRS=RU&SUPD_CMP=N&SALE_15=Y&LICENSE_SIGNED=%7Enew_license18_0_sign-Y
2020-05-13 16:29:02 -  - exec CUpdateClient::GetHTTPPage
2020-05-13 16:29:03 -  - TIME GetUpdatesList(request) 0.238 sec
2020-05-13 16:29:03 -  - exec CUpdateClient::ParseServerData
2020-05-19 15:19:43 -  - exec CUpdateClient::GetUpdatesList
2020-05-19 15:19:43 -  - exec CUpdateClient::CollectRequestData
2020-05-19 15:19:44 -  - LICENSE_KEY=X&lang=ru&SUPD_VER=18.1.3&VERSION=18.1.3&TYPENC=F&SUPD_STS=3&SUPD_URS=0&SUPD_DBS=MYSQL&XE=N&CLIENT_SITE=www.spbsez.ru&CHHB=www.spbsez.ru&CSAB=127.0.0.1&SUID=df2485f0460456c574493e35326b704b&CANGZIP=Y&CLIENT_PHPVER=7.1.28-1%2Bubuntu16.04.1%2Bdeb.sury.org%2B3&stable=Y&NGINX=Y&rerere=Y&bitm_main=18.1.3&bitm_bitrixcloud=18.5.0&bitm_security=18.5.0&bitm_compression=16.0.0&bitm_rest=18.5.2&bitm_photogallery=18.0.0&bitm_form=18.0.0&bitm_highloadblock=18.5.0&bitm_subscribe=17.5.0&bitm_landing=18.4.31&bitm_ui=18.0.1&bitm_perfmon=18.5.0&bitm_forum=18.0.3&bitm_seo=18.5.0&bitm_im=18.1.5&bitm_b24connector=18.0.0&bitm_calendar=18.0.0&bitm_translate=16.5.0&bitm_clouds=18.0.0&bitm_mobileapp=18.0.2&bitm_fileman=18.0.4&bitm_search=18.5.0&bitm_socialservices=18.0.3&bitm_vote=17.5.1&bitm_iblock=18.5.4&bitm_scale=17.5.0&bitl_en=&bitl_ru=&bitl_de=20140526&bitl_ch=&SUPD_SRS=RU&SUPD_CMP=N&SALE_15=Y&LICENSE_SIGNED=%7Enew_license18_0_sign-Y
2020-05-19 15:19:44 -  - exec CUpdateClient::GetHTTPPage
2020-05-19 15:19:44 -  - TIME GetUpdatesList(request) 0.246 sec
2020-05-19 15:19:44 -  - exec CUpdateClient::ParseServerData
2020-05-19 15:20:01 -  - exec CUpdateClient::ActivateCoupon
2020-05-19 15:20:01 -  - exec CUpdateClient::CollectRequestData
2020-05-19 15:20:01 -  - LICENSE_KEY=X&lang=ru&SUPD_VER=18.1.3&VERSION=18.1.3&TYPENC=F&SUPD_STS=3&SUPD_URS=0&SUPD_DBS=MYSQL&XE=N&CLIENT_SITE=www.spbsez.ru&CHHB=www.spbsez.ru&CSAB=127.0.0.1&SUID=df2485f0460456c574493e35326b704b&CANGZIP=Y&CLIENT_PHPVER=7.1.28-1%2Bubuntu16.04.1%2Bdeb.sury.org%2B3&stable=Y&NGINX=Y&rerere=Y&bitm_main=18.1.3&bitm_bitrixcloud=18.5.0&bitm_security=18.5.0&bitm_compression=16.0.0&bitm_rest=18.5.2&bitm_photogallery=18.0.0&bitm_form=18.0.0&bitm_highloadblock=18.5.0&bitm_subscribe=17.5.0&bitm_landing=18.4.31&bitm_ui=18.0.1&bitm_perfmon=18.5.0&bitm_forum=18.0.3&bitm_seo=18.5.0&bitm_im=18.1.5&bitm_b24connector=18.0.0&bitm_calendar=18.0.0&bitm_translate=16.5.0&bitm_clouds=18.0.0&bitm_mobileapp=18.0.2&bitm_fileman=18.0.4&bitm_search=18.5.0&bitm_socialservices=18.0.3&bitm_vote=17.5.1&bitm_iblock=18.5.4&bitm_scale=17.5.0&bitl_en=&bitl_ru=&bitl_de=20140526&bitl_ch=&SUPD_SRS=RU&SUPD_CMP=N&SALE_15=Y&LICENSE_SIGNED=%7Enew_license18_0_sign-Y&coupon=SUP-D86T4JIHOI-0PVVYDERYY&query_type=coupon
2020-05-19 15:20:01 -  - exec CUpdateClient::GetHTTPPage
2020-05-19 15:20:02 -  - TIME ActivateCoupon(request) 0.794 sec
2020-05-19 15:20:02 -  - exec CUpdateClient::ParseServerData
2020-05-19 15:20:02 - UPD_SUCCESS - Coupon activated
2020-05-19 15:20:03 -  - exec CUpdateClient::GetUpdatesList
2020-05-19 15:20:03 -  - exec CUpdateClient::CollectRequestData
2020-05-19 15:20:03 -  - LICENSE_KEY=X&lang=ru&SUPD_VER=18.1.3&VERSION=18.1.3&TYPENC=F&SUPD_STS=3&SUPD_URS=0&SUPD_DBS=MYSQL&XE=N&CLIENT_SITE=www.spbsez.ru&CHHB=www.spbsez.ru&CSAB=127.0.0.1&SUID=df2485f0460456c574493e35326b704b&CANGZIP=Y&CLIENT_PHPVER=7.1.28-1%2Bubuntu16.04.1%2Bdeb.sury.org%2B3&stable=Y&NGINX=Y&rerere=Y&bitm_main=18.1.3&bitm_bitrixcloud=18.5.0&bitm_security=18.5.0&bitm_compression=16.0.0&bitm_rest=18.5.2&bitm_photogallery=18.0.0&bitm_form=18.0.0&bitm_highloadblock=18.5.0&bitm_subscribe=17.5.0&bitm_landing=18.4.31&bitm_ui=18.0.1&bitm_perfmon=18.5.0&bitm_forum=18.0.3&bitm_seo=18.5.0&bitm_im=18.1.5&bitm_b24connector=18.0.0&bitm_calendar=18.0.0&bitm_translate=16.5.0&bitm_clouds=18.0.0&bitm_mobileapp=18.0.2&bitm_fileman=18.0.4&bitm_search=18.5.0&bitm_socialservices=18.0.3&bitm_vote=17.5.1&bitm_iblock=18.5.4&bitm_scale=17.5.0&bitl_en=&bitl_ru=&bitl_de=20140526&bitl_ch=&SUPD_SRS=RU&SUPD_CMP=N&SALE_15=Y&LICENSE_SIGNED=%7Enew_license18_0_sign-Y
2020-05-19 15:20:03 -  - exec CUpdateClient::GetHTTPPage
2020-05-19 15:20:04 -  - TIME GetUpdatesList(request) 0.18 sec
2020-05-19 15:20:04 -  - exec CUpdateClient::ParseServerData
2020-05-19 15:20:40 -  - exec CUpdateClient::GetUpdatesList
2020-05-19 15:20:40 -  - exec CUpdateClient::CollectRequestData
2020-05-19 15:20:40 -  - LICENSE_KEY=X&lang=ru&SUPD_VER=18.1.3&VERSION=18.1.3&TYPENC=F&SUPD_STS=3&SUPD_URS=0&SUPD_DBS=MYSQL&XE=N&CLIENT_SITE=www.spbsez.ru&CHHB=www.spbsez.ru&CSAB=127.0.0.1&SUID=df2485f0460456c574493e35326b704b&CANGZIP=Y&CLIENT_PHPVER=7.1.28-1%2Bubuntu16.04.1%2Bdeb.sury.org%2B3&stable=Y&NGINX=Y&rerere=Y&bitm_main=18.1.3&bitm_bitrixcloud=18.5.0&bitm_security=18.5.0&bitm_compression=16.0.0&bitm_rest=18.5.2&bitm_photogallery=18.0.0&bitm_form=18.0.0&bitm_highloadblock=18.5.0&bitm_subscribe=17.5.0&bitm_landing=18.4.31&bitm_ui=18.0.1&bitm_perfmon=18.5.0&bitm_forum=18.0.3&bitm_seo=18.5.0&bitm_im=18.1.5&bitm_b24connector=18.0.0&bitm_calendar=18.0.0&bitm_translate=16.5.0&bitm_clouds=18.0.0&bitm_mobileapp=18.0.2&bitm_fileman=18.0.4&bitm_search=18.5.0&bitm_socialservices=18.0.3&bitm_vote=17.5.1&bitm_iblock=18.5.4&bitm_scale=17.5.0&bitl_en=&bitl_ru=&bitl_de=20140526&bitl_ch=&SUPD_SRS=RU&SUPD_CMP=N&SALE_15=Y&LICENSE_SIGNED=%7Enew_license18_0_sign-Y
2020-05-19 15:20:40 -  - exec CUpdateClient::GetHTTPPage
2020-05-19 15:20:40 -  - TIME GetUpdatesList(request) 0.169 sec
2020-05-19 15:20:40 -  - exec CUpdateClient::ParseServerData
2020-05-28 15:37:09 -  - exec CUpdateClient::GetUpdatesList
2020-05-28 15:37:09 -  - exec CUpdateClient::CollectRequestData
2020-05-28 15:37:09 -  - LICENSE_KEY=X&lang=ru&SUPD_VER=18.1.3&VERSION=18.1.3&TYPENC=F&SUPD_STS=3&SUPD_URS=0&SUPD_DBS=MYSQL&XE=N&CLIENT_SITE=www.spbsez.ru&CHHB=www.spbsez.ru&CSAB=127.0.0.1&SUID=df2485f0460456c574493e35326b704b&CANGZIP=Y&CLIENT_PHPVER=7.1.28-1%2Bubuntu16.04.1%2Bdeb.sury.org%2B3&stable=Y&NGINX=Y&rerere=Y&bitm_main=18.1.3&bitm_bitrixcloud=18.5.0&bitm_security=18.5.0&bitm_compression=16.0.0&bitm_rest=18.5.2&bitm_photogallery=18.0.0&bitm_form=18.0.0&bitm_highloadblock=18.5.0&bitm_subscribe=17.5.0&bitm_landing=18.4.31&bitm_ui=18.0.1&bitm_perfmon=18.5.0&bitm_forum=18.0.3&bitm_seo=18.5.0&bitm_im=18.1.5&bitm_b24connector=18.0.0&bitm_calendar=18.0.0&bitm_translate=16.5.0&bitm_clouds=18.0.0&bitm_mobileapp=18.0.2&bitm_fileman=18.0.4&bitm_search=18.5.0&bitm_socialservices=18.0.3&bitm_vote=17.5.1&bitm_iblock=18.5.4&bitm_scale=17.5.0&bitl_en=&bitl_ru=&bitl_de=20140526&bitl_ch=&SUPD_SRS=RU&SUPD_CMP=N&SALE_15=Y&LICENSE_SIGNED=%7Enew_license18_0_sign-Y
2020-05-28 15:37:09 -  - exec CUpdateClient::GetHTTPPage
2020-05-28 15:37:10 -  - TIME GetUpdatesList(request) 0.296 sec
2020-05-28 15:37:10 -  - exec CUpdateClient::ParseServerData
2020-05-28 15:37:10 -  - exec CUpdateClient::executeCounters
2020-05-28 15:37:10 -  - exec CUpdateClient::CollectRequestData
2020-05-28 15:37:10 -  - LICENSE_KEY=X&lang=ru&SUPD_VER=18.1.3&VERSION=18.1.3&TYPENC=F&SUPD_STS=3&SUPD_URS=0&SUPD_DBS=MYSQL&XE=N&CLIENT_SITE=www.spbsez.ru&CHHB=www.spbsez.ru&CSAB=127.0.0.1&SUID=df2485f0460456c574493e35326b704b&CANGZIP=Y&CLIENT_PHPVER=7.1.28-1%2Bubuntu16.04.1%2Bdeb.sury.org%2B3&stable=Y&NGINX=Y&rerere=Y&bitm_main=18.1.3&bitm_bitrixcloud=18.5.0&bitm_security=18.5.0&bitm_compression=16.0.0&bitm_rest=18.5.2&bitm_photogallery=18.0.0&bitm_form=18.0.0&bitm_highloadblock=18.5.0&bitm_subscribe=17.5.0&bitm_landing=18.4.31&bitm_ui=18.0.1&bitm_perfmon=18.5.0&bitm_forum=18.0.3&bitm_seo=18.5.0&bitm_im=18.1.5&bitm_b24connector=18.0.0&bitm_calendar=18.0.0&bitm_translate=16.5.0&bitm_clouds=18.0.0&bitm_mobileapp=18.0.2&bitm_fileman=18.0.4&bitm_search=18.5.0&bitm_socialservices=18.0.3&bitm_vote=17.5.1&bitm_iblock=18.5.4&bitm_scale=17.5.0&bitl_en=&bitl_ru=&bitl_de=20140526&bitl_ch=&SUPD_SRS=RU&SUPD_CMP=N&SALE_15=Y&LICENSE_SIGNED=%7Enew_license18_0_sign-Y&query_type=counter&cntr_result[312]=4545
2020-05-28 15:37:10 -  - exec CUpdateClient::GetHTTPPage
2020-05-28 15:37:10 -  - TIME executeCounters 0.178 sec
2020-06-17 17:49:04 -  - exec CUpdateClient::GetUpdatesList
2020-06-17 17:49:04 -  - exec CUpdateClient::CollectRequestData
2020-06-17 17:49:04 -  - LICENSE_KEY=X&lang=ru&SUPD_VER=18.1.3&VERSION=18.1.3&TYPENC=F&SUPD_STS=3&SUPD_URS=0&SUPD_DBS=MYSQL&XE=N&CLIENT_SITE=www.spbsez.ru&CHHB=www.spbsez.ru&CSAB=127.0.0.1&SUID=df2485f0460456c574493e35326b704b&CANGZIP=Y&CLIENT_PHPVER=7.1.28-1%2Bubuntu16.04.1%2Bdeb.sury.org%2B3&stable=Y&NGINX=Y&rerere=Y&bitm_main=18.1.3&bitm_bitrixcloud=18.5.0&bitm_security=18.5.0&bitm_compression=16.0.0&bitm_rest=18.5.2&bitm_photogallery=18.0.0&bitm_form=18.0.0&bitm_highloadblock=18.5.0&bitm_subscribe=17.5.0&bitm_landing=18.4.31&bitm_ui=18.0.1&bitm_perfmon=18.5.0&bitm_forum=18.0.3&bitm_seo=18.5.0&bitm_im=18.1.5&bitm_b24connector=18.0.0&bitm_calendar=18.0.0&bitm_translate=16.5.0&bitm_clouds=18.0.0&bitm_mobileapp=18.0.2&bitm_fileman=18.0.4&bitm_search=18.5.0&bitm_socialservices=18.0.3&bitm_vote=17.5.1&bitm_iblock=18.5.4&bitm_scale=17.5.0&bitl_en=&bitl_ru=&bitl_de=20140526&bitl_ch=&SUPD_SRS=RU&SUPD_CMP=N&SALE_15=Y&LICENSE_SIGNED=%7Enew_license18_0_sign-Y
2020-06-17 17:49:04 -  - exec CUpdateClient::GetHTTPPage
2020-06-17 17:49:04 -  - TIME GetUpdatesList(request) 0.345 sec
2020-06-17 17:49:04 -  - exec CUpdateClient::ParseServerData
2020-06-30 16:49:30 -  - exec CUpdateClient::GetUpdatesList
2020-06-30 16:49:30 -  - exec CUpdateClient::CollectRequestData
2020-06-30 16:49:30 -  - LICENSE_KEY=X&lang=ru&SUPD_VER=18.1.3&VERSION=18.1.3&TYPENC=F&SUPD_STS=3&SUPD_URS=0&SUPD_DBS=MYSQL&XE=N&CLIENT_SITE=www.spbsez.ru&CHHB=www.spbsez.ru&CSAB=127.0.0.1&SUID=df2485f0460456c574493e35326b704b&CANGZIP=Y&CLIENT_PHPVER=7.1.28-1%2Bubuntu16.04.1%2Bdeb.sury.org%2B3&stable=Y&NGINX=Y&rerere=Y&bitm_main=18.1.3&bitm_bitrixcloud=18.5.0&bitm_security=18.5.0&bitm_compression=16.0.0&bitm_rest=18.5.2&bitm_photogallery=18.0.0&bitm_form=18.0.0&bitm_highloadblock=18.5.0&bitm_subscribe=17.5.0&bitm_landing=18.4.31&bitm_ui=18.0.1&bitm_perfmon=18.5.0&bitm_forum=18.0.3&bitm_seo=18.5.0&bitm_im=18.1.5&bitm_b24connector=18.0.0&bitm_calendar=18.0.0&bitm_translate=16.5.0&bitm_clouds=18.0.0&bitm_mobileapp=18.0.2&bitm_fileman=18.0.4&bitm_search=18.5.0&bitm_socialservices=18.0.3&bitm_vote=17.5.1&bitm_iblock=18.5.4&bitm_scale=17.5.0&bitl_en=&bitl_ru=&bitl_de=20140526&bitl_ch=&SUPD_SRS=RU&SUPD_CMP=N&SALE_15=Y&LICENSE_SIGNED=%7Enew_license18_0_sign-Y
2020-06-30 16:49:30 -  - exec CUpdateClient::GetHTTPPage
2020-06-30 16:49:30 -  - TIME GetUpdatesList(request) 0.399 sec
2020-06-30 16:49:30 -  - exec CUpdateClient::ParseServerData
2020-06-30 16:49:30 -  - exec CUpdateClient::executeCounters
2020-06-30 16:49:30 -  - exec CUpdateClient::CollectRequestData
2020-06-30 16:49:30 -  - LICENSE_KEY=X&lang=ru&SUPD_VER=18.1.3&VERSION=18.1.3&TYPENC=F&SUPD_STS=3&SUPD_URS=0&SUPD_DBS=MYSQL&XE=N&CLIENT_SITE=www.spbsez.ru&CHHB=www.spbsez.ru&CSAB=127.0.0.1&SUID=df2485f0460456c574493e35326b704b&CANGZIP=Y&CLIENT_PHPVER=7.1.28-1%2Bubuntu16.04.1%2Bdeb.sury.org%2B3&stable=Y&NGINX=Y&rerere=Y&bitm_main=18.1.3&bitm_bitrixcloud=18.5.0&bitm_security=18.5.0&bitm_compression=16.0.0&bitm_rest=18.5.2&bitm_photogallery=18.0.0&bitm_form=18.0.0&bitm_highloadblock=18.5.0&bitm_subscribe=17.5.0&bitm_landing=18.4.31&bitm_ui=18.0.1&bitm_perfmon=18.5.0&bitm_forum=18.0.3&bitm_seo=18.5.0&bitm_im=18.1.5&bitm_b24connector=18.0.0&bitm_calendar=18.0.0&bitm_translate=16.5.0&bitm_clouds=18.0.0&bitm_mobileapp=18.0.2&bitm_fileman=18.0.4&bitm_search=18.5.0&bitm_socialservices=18.0.3&bitm_vote=17.5.1&bitm_iblock=18.5.4&bitm_scale=17.5.0&bitl_en=&bitl_ru=&bitl_de=20140526&bitl_ch=&SUPD_SRS=RU&SUPD_CMP=N&SALE_15=Y&LICENSE_SIGNED=%7Enew_license18_0_sign-Y&query_type=counter&cntr_result[314]=7.1&cntr_result[316]=MariaDB+10.0
2020-06-30 16:49:30 -  - exec CUpdateClient::GetHTTPPage
2020-06-30 16:49:31 -  - TIME executeCounters 0.325 sec
2020-07-14 10:56:56 -  - exec CUpdateClient::GetUpdatesList
2020-07-14 10:56:56 -  - exec CUpdateClient::CollectRequestData
2020-07-14 10:56:56 -  - LICENSE_KEY=X&lang=ru&SUPD_VER=18.1.3&VERSION=18.1.3&TYPENC=F&SUPD_STS=3&SUPD_URS=0&SUPD_DBS=MYSQL&XE=N&CLIENT_SITE=www.spbsez.ru&CHHB=www.spbsez.ru&CSAB=127.0.0.1&SUID=df2485f0460456c574493e35326b704b&CANGZIP=Y&CLIENT_PHPVER=7.1.28-1%2Bubuntu16.04.1%2Bdeb.sury.org%2B3&stable=Y&NGINX=Y&rerere=Y&bitm_main=18.1.3&bitm_bitrixcloud=18.5.0&bitm_security=18.5.0&bitm_compression=16.0.0&bitm_rest=18.5.2&bitm_photogallery=18.0.0&bitm_form=18.0.0&bitm_highloadblock=18.5.0&bitm_subscribe=17.5.0&bitm_landing=18.4.31&bitm_ui=18.0.1&bitm_perfmon=18.5.0&bitm_forum=18.0.3&bitm_seo=18.5.0&bitm_im=18.1.5&bitm_b24connector=18.0.0&bitm_calendar=18.0.0&bitm_translate=16.5.0&bitm_clouds=18.0.0&bitm_mobileapp=18.0.2&bitm_fileman=18.0.4&bitm_search=18.5.0&bitm_socialservices=18.0.3&bitm_vote=17.5.1&bitm_iblock=18.5.4&bitm_scale=17.5.0&bitl_en=&bitl_ru=&bitl_de=20140526&bitl_ch=&SUPD_SRS=RU&SUPD_CMP=N&SALE_15=Y&LICENSE_SIGNED=%7Enew_license18_0_sign-Y
2020-07-14 10:56:56 -  - exec CUpdateClient::GetHTTPPage
2020-07-14 10:56:57 -  - TIME GetUpdatesList(request) 0.334 sec
2020-07-14 10:56:57 -  - exec CUpdateClient::ParseServerData
2020-08-06 22:15:16 -  - exec CUpdateClient::GetUpdatesList
2020-08-06 22:15:16 -  - exec CUpdateClient::CollectRequestData
2020-08-06 22:15:16 -  - LICENSE_KEY=X&lang=ru&SUPD_VER=18.1.3&VERSION=18.1.3&TYPENC=F&SUPD_STS=3&SUPD_URS=0&SUPD_DBS=MYSQL&XE=N&CLIENT_SITE=www.spbsez.ru&CHHB=www.spbsez.ru&CSAB=127.0.0.1&SUID=df2485f0460456c574493e35326b704b&CANGZIP=Y&CLIENT_PHPVER=7.1.28-1%2Bubuntu16.04.1%2Bdeb.sury.org%2B3&stable=Y&NGINX=Y&rerere=Y&bitm_main=18.1.3&bitm_calendar=18.0.0&bitm_im=18.1.5&bitm_fileman=18.0.4&bitm_highloadblock=18.5.0&bitm_subscribe=17.5.0&bitm_forum=18.0.3&bitm_vote=17.5.1&bitm_translate=16.5.0&bitm_bitrixcloud=18.5.0&bitm_security=18.5.0&bitm_perfmon=18.5.0&bitm_clouds=18.0.0&bitm_socialservices=18.0.3&bitm_iblock=18.5.4&bitm_search=18.5.0&bitm_b24connector=18.0.0&bitm_form=18.0.0&bitm_ui=18.0.1&bitm_mobileapp=18.0.2&bitm_compression=16.0.0&bitm_scale=17.5.0&bitm_photogallery=18.0.0&bitm_landing=18.4.31&bitm_seo=18.5.0&bitm_rest=18.5.2&bitl_en=&bitl_de=20140526&bitl_ru=&bitl_ch=&SUPD_SRS=RU&SUPD_CMP=N&SALE_15=Y&LICENSE_SIGNED=%7Enew_license18_0_sign-Y
2020-08-06 22:15:16 -  - exec CUpdateClient::GetHTTPPage
2020-08-06 22:15:17 -  - TIME GetUpdatesList(request) 0.348 sec
2020-08-06 22:15:17 -  - exec CUpdateClient::ParseServerData
2020-08-20 09:30:43 -  - exec CUpdateClient::GetUpdatesList
2020-08-20 09:30:43 -  - exec CUpdateClient::CollectRequestData
2020-08-20 09:30:43 -  - LICENSE_KEY=X&lang=ru&SUPD_VER=18.1.3&VERSION=18.1.3&TYPENC=F&SUPD_STS=3&SUPD_URS=0&SUPD_DBS=MYSQL&XE=N&CLIENT_SITE=www.spbsez.ru&CHHB=www.spbsez.ru&CSAB=127.0.0.1&SUID=df2485f0460456c574493e35326b704b&CANGZIP=Y&CLIENT_PHPVER=7.1.28-1%2Bubuntu16.04.1%2Bdeb.sury.org%2B3&stable=Y&NGINX=Y&rerere=Y&bitm_main=18.1.3&bitm_calendar=18.0.0&bitm_im=18.1.5&bitm_fileman=18.0.4&bitm_highloadblock=18.5.0&bitm_subscribe=17.5.0&bitm_forum=18.0.3&bitm_vote=17.5.1&bitm_translate=16.5.0&bitm_bitrixcloud=18.5.0&bitm_security=18.5.0&bitm_perfmon=18.5.0&bitm_clouds=18.0.0&bitm_socialservices=18.0.3&bitm_iblock=18.5.4&bitm_search=18.5.0&bitm_b24connector=18.0.0&bitm_form=18.0.0&bitm_ui=18.0.1&bitm_mobileapp=18.0.2&bitm_compression=16.0.0&bitm_scale=17.5.0&bitm_photogallery=18.0.0&bitm_landing=18.4.31&bitm_seo=18.5.0&bitm_rest=18.5.2&bitl_en=&bitl_de=20140526&bitl_ru=&bitl_ch=&SUPD_SRS=RU&SUPD_CMP=N&SALE_15=Y&LICENSE_SIGNED=%7Enew_license18_0_sign-Y
2020-08-20 09:30:43 -  - exec CUpdateClient::GetHTTPPage
2020-08-20 09:30:43 -  - TIME GetUpdatesList(request) 0.34 sec
2020-08-20 09:30:43 -  - exec CUpdateClient::ParseServerData
2020-08-20 09:30:43 -  - exec CUpdateClient::executeCounters
2020-08-20 09:30:43 -  - exec CUpdateClient::CollectRequestData
2020-08-20 09:30:43 -  - LICENSE_KEY=X&lang=ru&SUPD_VER=18.1.3&VERSION=18.1.3&TYPENC=F&SUPD_STS=3&SUPD_URS=0&SUPD_DBS=MYSQL&XE=N&CLIENT_SITE=www.spbsez.ru&CHHB=www.spbsez.ru&CSAB=127.0.0.1&SUID=df2485f0460456c574493e35326b704b&CANGZIP=Y&CLIENT_PHPVER=7.1.28-1%2Bubuntu16.04.1%2Bdeb.sury.org%2B3&stable=Y&NGINX=Y&rerere=Y&bitm_main=18.1.3&bitm_calendar=18.0.0&bitm_im=18.1.5&bitm_fileman=18.0.4&bitm_highloadblock=18.5.0&bitm_subscribe=17.5.0&bitm_forum=18.0.3&bitm_vote=17.5.1&bitm_translate=16.5.0&bitm_bitrixcloud=18.5.0&bitm_security=18.5.0&bitm_perfmon=18.5.0&bitm_clouds=18.0.0&bitm_socialservices=18.0.3&bitm_iblock=18.5.4&bitm_search=18.5.0&bitm_b24connector=18.0.0&bitm_form=18.0.0&bitm_ui=18.0.1&bitm_mobileapp=18.0.2&bitm_compression=16.0.0&bitm_scale=17.5.0&bitm_photogallery=18.0.0&bitm_landing=18.4.31&bitm_seo=18.5.0&bitm_rest=18.5.2&bitl_en=&bitl_de=20140526&bitl_ru=&bitl_ch=&SUPD_SRS=RU&SUPD_CMP=N&SALE_15=Y&LICENSE_SIGNED=%7Enew_license18_0_sign-Y&query_type=counter&cntr_result[318]=7.1
2020-08-20 09:30:43 -  - exec CUpdateClient::GetHTTPPage
2020-08-20 09:30:44 -  - TIME executeCounters 0.345 sec
2020-09-07 17:35:30 -  - exec CUpdateClient::GetUpdatesList
2020-09-07 17:35:30 -  - exec CUpdateClient::CollectRequestData
2020-09-07 17:35:31 -  - LICENSE_KEY=X&lang=ru&SUPD_VER=18.1.3&VERSION=18.1.3&TYPENC=F&SUPD_STS=3&SUPD_URS=0&SUPD_DBS=MYSQL&XE=N&CLIENT_SITE=www.spbsez.ru&CHHB=www.spbsez.ru&CSAB=127.0.0.1&SUID=df2485f0460456c574493e35326b704b&CANGZIP=Y&CLIENT_PHPVER=7.1.28-1%2Bubuntu16.04.1%2Bdeb.sury.org%2B3&stable=Y&NGINX=Y&rerere=Y&bitm_main=18.1.3&bitm_calendar=18.0.0&bitm_im=18.1.5&bitm_fileman=18.0.4&bitm_highloadblock=18.5.0&bitm_subscribe=17.5.0&bitm_forum=18.0.3&bitm_vote=17.5.1&bitm_translate=16.5.0&bitm_bitrixcloud=18.5.0&bitm_security=18.5.0&bitm_perfmon=18.5.0&bitm_clouds=18.0.0&bitm_socialservices=18.0.3&bitm_iblock=18.5.4&bitm_search=18.5.0&bitm_b24connector=18.0.0&bitm_form=18.0.0&bitm_ui=18.0.1&bitm_mobileapp=18.0.2&bitm_compression=16.0.0&bitm_scale=17.5.0&bitm_photogallery=18.0.0&bitm_landing=18.4.31&bitm_seo=18.5.0&bitm_rest=18.5.2&bitl_en=&bitl_de=20140526&bitl_ru=&bitl_ch=&SUPD_SRS=RU&SUPD_CMP=N&SALE_15=Y&LICENSE_SIGNED=%7Enew_license18_0_sign-Y
2020-09-07 17:35:31 -  - exec CUpdateClient::GetHTTPPage
2020-09-07 17:35:31 -  - TIME GetUpdatesList(request) 0.329 sec
2020-09-07 17:35:31 -  - exec CUpdateClient::ParseServerData
