0 info it worked if it ends with ok
1 verbose cli [ '/usr/bin/node', '/usr/bin/npm', 'run', 'lint' ]
2 info using npm@3.5.2
3 info using node@v8.10.0
4 verbose run-script [ 'prelint', 'lint', 'postlint' ]
5 info lifecycle kelnik-boilerplate@3.0.13~prelint: kelnik-boilerplate@3.0.13
6 silly lifecycle kelnik-boilerplate@3.0.13~prelint: no script for prelint, continuing
7 info lifecycle kelnik-boilerplate@3.0.13~lint: kelnik-boilerplate@3.0.13
8 verbose lifecycle kelnik-boilerplate@3.0.13~lint: unsafe-perm in lifecycle true
9 verbose lifecycle kelnik-boilerplate@3.0.13~lint: PATH: /usr/share/npm/bin/node-gyp-bin:/var/www/oez/node_modules/.bin:/var/www/oez/node_modules/.bin:/usr/local/sbin:/usr/local/bin:/usr/sbin:/usr/bin:/sbin:/bin:/usr/games:/usr/local/games:/snap/bin
10 verbose lifecycle kelnik-boilerplate@3.0.13~lint: CWD: /var/www/oez
11 silly lifecycle kelnik-boilerplate@3.0.13~lint: Args: [ '-c', 'npm run eslint && npm run stylelint' ]
12 silly lifecycle kelnik-boilerplate@3.0.13~lint: Returned: code: 1  signal: null
13 info lifecycle kelnik-boilerplate@3.0.13~lint: Failed to exec lint script
14 verbose stack Error: kelnik-boilerplate@3.0.13 lint: `npm run eslint && npm run stylelint`
14 verbose stack Exit status 1
14 verbose stack     at EventEmitter.<anonymous> (/usr/share/npm/lib/utils/lifecycle.js:232:16)
14 verbose stack     at emitTwo (events.js:126:13)
14 verbose stack     at EventEmitter.emit (events.js:214:7)
14 verbose stack     at ChildProcess.<anonymous> (/usr/share/npm/lib/utils/spawn.js:24:14)
14 verbose stack     at emitTwo (events.js:126:13)
14 verbose stack     at ChildProcess.emit (events.js:214:7)
14 verbose stack     at maybeClose (internal/child_process.js:925:16)
14 verbose stack     at Process.ChildProcess._handle.onexit (internal/child_process.js:209:5)
15 verbose pkgid kelnik-boilerplate@3.0.13
16 verbose cwd /var/www/oez
17 error Linux 4.15.0-48-generic
18 error argv "/usr/bin/node" "/usr/bin/npm" "run" "lint"
19 error node v8.10.0
20 error npm  v3.5.2
21 error code ELIFECYCLE
22 error kelnik-boilerplate@3.0.13 lint: `npm run eslint && npm run stylelint`
22 error Exit status 1
23 error Failed at the kelnik-boilerplate@3.0.13 lint script 'npm run eslint && npm run stylelint'.
23 error Make sure you have the latest version of node.js and npm installed.
23 error If you do, this is most likely a problem with the kelnik-boilerplate package,
23 error not with npm itself.
23 error Tell the author that this fails on your system:
23 error     npm run eslint && npm run stylelint
23 error You can get information on how to open an issue for this project with:
23 error     npm bugs kelnik-boilerplate
23 error Or if that isn't available, you can get their info via:
23 error     npm owner ls kelnik-boilerplate
23 error There is likely additional logging output above.
24 verbose exit [ 1, true ]
